Solution: 1595.700000
x_0_229: 1.000000 (229 149.695000)
x_6_230: 1.000000 (1616 61.325000)
x_7_6: 1.000000 (1623 4.910000)
x_12_7: 1.000000 (2779 13.200000)
x_16_12: 1.000000 (3708 5.800000)
x_20_16: 1.000000 (4636 4.580000)
x_21_20: 1.000000 (4871 6.130000)
x_22_21: 1.000000 (5103 6.010000)
x_25_22: 1.000000 (5797 7.460000)
x_32_166: 1.000000 (7558 28.020000)
x_39_32: 1.000000 (9041 15.550000)
x_41_39: 1.000000 (9510 9.230000)
x_43_45: 1.000000 (9978 31.920000)
x_44_43: 1.000000 (10207 30.340000)
x_45_47: 1.000000 (10442 22.450000)
x_46_41: 1.000000 (10667 15.880000)
x_47_48: 1.000000 (10905 4.040000)
x_48_50: 1.000000 (11138 8.670000)
x_49_44: 1.000000 (11363 22.400000)
x_50_184: 1.000000 (11734 7.500000)
x_54_55: 1.000000 (12529 2.740000)
x_55_57: 1.000000 (12762 5.020000)
x_57_83: 1.000000 (13250 4.290000)
x_58_54: 1.000000 (13452 1.540000)
x_59_58: 1.000000 (13687 2.810000)
x_60_59: 1.000000 (13919 2.350000)
x_61_60: 1.000000 (14151 1.390000)
x_62_61: 1.000000 (14383 1.110000)
x_63_66: 1.000000 (14619 0.530000)
x_64_62: 1.000000 (14846 1.330000)
x_65_64: 1.000000 (15079 1.000000)
x_66_65: 1.000000 (15311 1.260000)
x_74_103: 1.000000 (17197 9.830000)
x_75_74: 1.000000 (17399 4.980000)
x_76_75: 1.000000 (17631 3.870000)
x_77_76: 1.000000 (17863 1.930000)
x_79_77: 1.000000 (18326 5.830000)
x_80_88: 1.000000 (18568 0.790000)
x_81_87: 1.000000 (18798 3.770000)
x_82_81: 1.000000 (19023 2.100000)
x_83_82: 1.000000 (19255 2.120000)
x_85_25: 1.000000 (19660 3.220000)
x_86_85: 1.000000 (19951 3.660000)
x_87_80: 1.000000 (20177 4.320000)
x_88_79: 1.000000 (20407 1.570000)
x_92_86: 1.000000 (21338 8.880000)
x_93_92: 1.000000 (21575 4.740000)
x_95_93: 1.000000 (22038 7.110000)
x_96_95: 1.000000 (22271 4.870000)
x_97_96: 1.000000 (22503 3.150000)
x_98_97: 1.000000 (22735 1.230000)
x_99_98: 1.000000 (22967 2.900000)
x_102_112: 1.000000 (23674 6.350000)
x_103_102: 1.000000 (23895 1.890000)
x_104_105: 1.000000 (24129 2.680000)
x_105_107: 1.000000 (24362 3.490000)
x_106_99: 1.000000 (24585 5.670000)
x_107_106: 1.000000 (24823 2.850000)
x_108_104: 1.000000 (25052 6.100000)
x_109_108: 1.000000 (25287 3.870000)
x_110_109: 1.000000 (25519 2.230000)
x_111_126: 1.000000 (25767 3.140000)
x_112_115: 1.000000 (25987 4.570000)
x_114_111: 1.000000 (26445 4.740000)
x_115_118: 1.000000 (26683 5.970000)
x_116_117: 1.000000 (26913 5.080000)
x_117_114: 1.000000 (27141 5.200000)
x_118_119: 1.000000 (27377 4.870000)
x_119_122: 1.000000 (27611 3.750000)
x_120_116: 1.000000 (27836 6.060000)
x_121_120: 1.000000 (28071 4.320000)
x_122_121: 1.000000 (28303 1.270000)
x_124_110: 1.000000 (28754 2.190000)
x_125_124: 1.000000 (28999 4.350000)
x_126_127: 1.000000 (29233 2.480000)
x_127_128: 1.000000 (29465 4.750000)
x_128_129: 1.000000 (29697 5.580000)
x_129_130: 1.000000 (29929 4.490000)
x_130_131: 1.000000 (30161 4.540000)
x_131_132: 1.000000 (30393 2.220000)
x_132_134: 1.000000 (30626 6.300000)
x_134_135: 1.000000 (31089 1.010000)
x_135_136: 1.000000 (31321 7.320000)
x_136_137: 1.000000 (31553 2.730000)
x_137_138: 1.000000 (31785 6.360000)
x_138_139: 1.000000 (32017 8.310000)
x_139_142: 1.000000 (32251 3.700000)
x_140_141: 1.000000 (32481 4.020000)
x_141_144: 1.000000 (32715 4.660000)
x_142_140: 1.000000 (32942 3.270000)
x_144_145: 1.000000 (33409 5.580000)
x_145_146: 1.000000 (33641 1.320000)
x_146_147: 1.000000 (33873 3.800000)
x_147_148: 1.000000 (34105 2.560000)
x_148_149: 1.000000 (34337 3.920000)
x_149_151: 1.000000 (34570 5.970000)
x_150_204: 1.000000 (34854 9.330000)
x_151_155: 1.000000 (35036 6.760000)
x_155_150: 1.000000 (35955 9.140000)
x_156_159: 1.000000 (36195 6.600000)
x_157_156: 1.000000 (36423 8.330000)
x_158_157: 1.000000 (36655 6.300000)
x_159_160: 1.000000 (36889 4.960000)
x_160_161: 1.000000 (37121 1.440000)
x_161_162: 1.000000 (37353 5.270000)
x_162_164: 1.000000 (37586 8.860000)
x_164_173: 1.000000 (38057 4.680000)
x_165_176: 1.000000 (38291 6.130000)
x_166_125: 1.000000 (38471 3.820000)
x_173_165: 1.000000 (40128 3.160000)
x_174_177: 1.000000 (40371 4.900000)
x_175_174: 1.000000 (40599 5.970000)
x_176_175: 1.000000 (40831 3.700000)
x_177_179: 1.000000 (41066 4.160000)
x_178_182: 1.000000 (41300 3.630000)
x_179_181: 1.000000 (41530 5.950000)
x_180_178: 1.000000 (41758 6.090000)
x_181_180: 1.000000 (41991 1.340000)
x_182_183: 1.000000 (42225 4.870000)
x_183_185: 1.000000 (42458 4.650000)
x_184_46: 1.000000 (42550 5.630000)
x_185_186: 1.000000 (42921 2.810000)
x_186_187: 1.000000 (43153 4.720000)
x_187_197: 1.000000 (43394 3.100000)
x_188_49: 1.000000 (43477 4.760000)
x_189_188: 1.000000 (43847 4.740000)
x_190_189: 1.000000 (44079 1.740000)
x_191_190: 1.000000 (44311 3.800000)
x_192_193: 1.000000 (44545 1.400000)
x_193_191: 1.000000 (44774 3.990000)
x_194_192: 1.000000 (45006 1.200000)
x_195_194: 1.000000 (45239 0.750000)
x_196_195: 1.000000 (45471 3.190000)
x_197_198: 1.000000 (45705 1.900000)
x_198_196: 1.000000 (45934 4.820000)
x_201_158: 1.000000 (46589 11.050000)
x_202_201: 1.000000 (46863 13.500000)
x_203_221: 1.000000 (47114 12.510000)
x_204_212: 1.000000 (47336 14.170000)
x_205_206: 1.000000 (47561 25.840000)
x_206_207: 1.000000 (47793 9.170000)
x_207_208: 1.000000 (48025 7.650000)
x_208_213: 1.000000 (48261 26.100000)
x_209_211: 1.000000 (48490 19.010000)
x_210_209: 1.000000 (48719 8.130000)
x_211_203: 1.000000 (48944 10.480000)
x_212_205: 1.000000 (49177 26.170000)
x_213_214: 1.000000 (49417 4.280000)
x_214_215: 1.000000 (49649 4.230000)
x_215_216: 1.000000 (49881 4.670000)
x_216_219: 1.000000 (50115 22.230000)
x_217_218: 1.000000 (50345 11.620000)
x_218_225: 1.000000 (50583 28.900000)
x_219_220: 1.000000 (50809 16.060000)
x_220_210: 1.000000 (51030 18.370000)
x_221_222: 1.000000 (51273 15.920000)
x_222_223: 1.000000 (51505 12.990000)
x_223_202: 1.000000 (51715 28.580000)
x_224_63: 1.000000 (51807 203.460000)
x_225_224: 1.000000 (52199 19.990000)
x_226_227: 1.000000 (52433 18.210000)
x_227_217: 1.000000 (52654 29.540000)
x_228_226: 1.000000 (52894 24.530000)
x_229_228: 1.000000 (53127 22.870000)
y_0_1: 1.000000 (53362 129.780319)
y_0_2: 1.000000 (53363 130.509770)
y_0_9: 1.000000 (53370 87.672227)
y_0_10: 1.000000 (53371 95.966065)
y_0_13: 1.000000 (53374 122.776852)
y_0_14: 1.000000 (53375 128.988485)
y_0_15: 1.000000 (53376 127.416075)
y_0_17: 1.000000 (53378 103.001123)
y_0_24: 1.000000 (53385 102.478742)
y_0_26: 1.000000 (53387 142.972275)
y_0_27: 1.000000 (53388 147.678853)
y_0_30: 1.000000 (53391 167.333096)
y_0_35: 1.000000 (53396 147.428597)
y_0_42: 1.000000 (53403 274.910092)
y_0_73: 1.000000 (53434 95.159353)
y_0_84: 1.000000 (53445 103.488402)
y_0_123: 1.000000 (53484 156.247258)
y_0_143: 1.000000 (53504 198.845107)
y_0_154: 1.000000 (53515 232.322235)
y_0_169: 1.000000 (53530 208.280850)
y_0_200: 1.000000 (53561 285.824510)
y_1_3: 1.000000 (53595 111.235720)
y_1_4: 1.000000 (53596 105.288771)
y_1_11: 1.000000 (53603 89.886133)
y_1_23: 1.000000 (53615 104.271256)
y_1_29: 1.000000 (53621 207.572201)
y_1_33: 1.000000 (53625 161.685272)
y_1_34: 1.000000 (53626 162.555420)
y_1_36: 1.000000 (53628 141.046245)
y_1_37: 1.000000 (53629 143.949954)
y_1_40: 1.000000 (53632 221.746299)
y_1_89: 1.000000 (53681 107.782147)
y_1_94: 1.000000 (53686 133.290969)
y_1_113: 1.000000 (53705 156.090199)
y_1_152: 1.000000 (53744 218.284432)
y_1_163: 1.000000 (53755 225.996323)
y_1_167: 1.000000 (53759 209.356730)
y_1_170: 1.000000 (53762 212.469321)
y_1_172: 1.000000 (53764 224.315246)
y_1_199: 1.000000 (53791 253.287594)
y_2_5: 1.000000 (53828 100.135866)
y_2_8: 1.000000 (53831 98.045716)
y_2_18: 1.000000 (53841 98.342168)
y_2_19: 1.000000 (53842 90.905015)
y_2_28: 1.000000 (53851 166.353180)
y_2_31: 1.000000 (53854 183.554707)
y_2_38: 1.000000 (53861 182.867775)
y_2_51: 1.000000 (53874 79.516014)
y_2_52: 1.000000 (53875 73.457844)
y_2_53: 1.000000 (53876 83.105004)
y_2_56: 1.000000 (53879 96.672646)
y_2_67: 1.000000 (53890 79.579284)
y_2_68: 1.000000 (53891 77.456301)
y_2_69: 1.000000 (53892 78.159594)
y_2_70: 1.000000 (53893 85.379626)
y_2_71: 1.000000 (53894 82.179794)
y_2_72: 1.000000 (53895 87.118543)
y_2_78: 1.000000 (53901 93.169090)
y_2_90: 1.000000 (53913 107.387530)
y_2_91: 1.000000 (53914 116.868715)
y_2_100: 1.000000 (53923 135.880795)
y_2_101: 1.000000 (53924 137.487577)
y_2_133: 1.000000 (53956 208.699166)
y_2_153: 1.000000 (53976 226.438589)
y_2_168: 1.000000 (53991 218.514147)
y_2_171: 1.000000 (53994 203.393228)
