Solution: 74302.000000
x_0_69: 1.000000 (69 1808.500000)
x_2_16: 1.000000 (324 850.000000)
x_3_2: 1.000000 (464 1400.000000)
x_5_13: 1.000000 (783 1093.000000)
x_6_12: 1.000000 (936 850.000000)
x_7_11: 1.000000 (1089 1093.000000)
x_8_10: 1.000000 (1242 850.000000)
x_9_8: 1.000000 (1394 803.000000)
x_10_19: 1.000000 (1559 300.000000)
x_11_22: 1.000000 (1716 307.000000)
x_12_24: 1.000000 (1872 300.000000)
x_13_27: 1.000000 (2029 307.000000)
x_14_3: 1.000000 (2159 800.000000)
x_16_36: 1.000000 (2500 476.000000)
x_17_9: 1.000000 (2627 307.000000)
x_18_17: 1.000000 (2789 330.000000)
x_19_21: 1.000000 (2947 212.000000)
x_20_7: 1.000000 (3087 782.000000)
x_21_20: 1.000000 (3254 110.000000)
x_22_23: 1.000000 (3411 330.000000)
x_23_39: 1.000000 (3581 370.000000)
x_24_25: 1.000000 (3721 212.000000)
x_25_26: 1.000000 (3876 110.000000)
x_26_5: 1.000000 (4009 782.000000)
x_27_28: 1.000000 (4186 330.000000)
x_28_38: 1.000000 (4350 370.000000)
x_29_14: 1.000000 (4480 300.000000)
x_30_153: 1.000000 (4773 4257.500000)
x_31_30: 1.000000 (4804 110.000000)
x_32_31: 1.000000 (4959 1132.000000)
x_33_32: 1.000000 (5114 330.000000)
x_34_37: 1.000000 (5273 850.000000)
x_35_34: 1.000000 (5424 286.000000)
x_36_35: 1.000000 (5579 110.000000)
x_37_33: 1.000000 (5731 370.000000)
x_38_29: 1.000000 (5881 850.000000)
x_39_6: 1.000000 (6012 750.000000)
x_40_18: 1.000000 (6178 370.000000)
x_41_40: 1.000000 (6354 6093.000000)
x_42_58: 1.000000 (6526 151.000000)
x_43_42: 1.000000 (6664 1845.000000)
x_46_47: 1.000000 (7131 1845.000000)
x_47_51: 1.000000 (7289 357.000000)
x_48_49: 1.000000 (7441 151.000000)
x_49_50: 1.000000 (7596 128.000000)
x_50_77: 1.000000 (7777 721.000000)
x_51_73: 1.000000 (7927 150.000000)
x_52_46: 1.000000 (8054 151.000000)
x_53_52: 1.000000 (8214 128.000000)
x_55_56: 1.000000 (8526 128.000000)
x_56_67: 1.000000 (8691 171.000000)
x_57_43: 1.000000 (8821 357.000000)
x_58_59: 1.000000 (8991 128.000000)
x_59_64: 1.000000 (9150 96.000000)
x_60_41: 1.000000 (9281 357.000000)
x_61_60: 1.000000 (9454 150.000000)
x_62_61: 1.000000 (9609 250.000000)
x_63_62: 1.000000 (9764 150.000000)
x_64_63: 1.000000 (9919 81.000000)
x_65_57: 1.000000 (10067 150.000000)
x_66_65: 1.000000 (10229 250.000000)
x_67_66: 1.000000 (10384 150.000000)
x_68_55: 1.000000 (10527 218.000000)
x_69_70: 1.000000 (10696 250.000000)
x_70_71: 1.000000 (10851 150.000000)
x_71_72: 1.000000 (11006 81.000000)
x_72_53: 1.000000 (11141 96.000000)
x_73_75: 1.000000 (11317 250.000000)
x_74_76: 1.000000 (11472 81.000000)
x_75_74: 1.000000 (11624 150.000000)
x_76_48: 1.000000 (11752 369.000000)
x_77_92: 1.000000 (11950 800.000000)
x_81_68: 1.000000 (12542 631.000000)
x_83_87: 1.000000 (12869 1093.000000)
x_84_86: 1.000000 (13022 850.000000)
x_85_84: 1.000000 (13174 803.000000)
x_86_107: 1.000000 (13351 300.000000)
x_87_104: 1.000000 (13502 307.000000)
x_92_95: 1.000000 (14263 300.000000)
x_93_124: 1.000000 (14446 6070.000000)
x_94_93: 1.000000 (14569 110.000000)
x_95_94: 1.000000 (14724 212.000000)
x_101_81: 1.000000 (15635 782.000000)
x_102_101: 1.000000 (15809 110.000000)
x_103_102: 1.000000 (15964 212.000000)
x_104_111: 1.000000 (16127 330.000000)
x_105_83: 1.000000 (16253 782.000000)
x_106_105: 1.000000 (16429 110.000000)
x_107_106: 1.000000 (16584 212.000000)
x_108_85: 1.000000 (16717 307.000000)
x_109_108: 1.000000 (16894 330.000000)
x_110_109: 1.000000 (17049 370.000000)
x_111_112: 1.000000 (17206 370.000000)
x_112_103: 1.000000 (17351 850.000000)
x_117_110: 1.000000 (18128 6093.000000)
x_118_137: 1.000000 (18309 151.000000)
x_119_118: 1.000000 (18444 1845.000000)
x_120_133: 1.000000 (18613 151.000000)
x_121_120: 1.000000 (18754 1845.000000)
x_122_129: 1.000000 (18917 151.000000)
x_123_122: 1.000000 (19064 1845.000000)
x_124_125: 1.000000 (19221 151.000000)
x_125_126: 1.000000 (19376 128.000000)
x_126_152: 1.000000 (19556 96.000000)
x_127_128: 1.000000 (19686 150.000000)
x_128_123: 1.000000 (19835 357.000000)
x_129_130: 1.000000 (19996 128.000000)
x_130_149: 1.000000 (20169 96.000000)
x_131_132: 1.000000 (20306 150.000000)
x_132_121: 1.000000 (20449 357.000000)
x_133_134: 1.000000 (20616 128.000000)
x_134_146: 1.000000 (20782 96.000000)
x_135_136: 1.000000 (20926 150.000000)
x_136_119: 1.000000 (21063 357.000000)
x_137_138: 1.000000 (21236 128.000000)
x_138_143: 1.000000 (21395 96.000000)
x_139_140: 1.000000 (21546 150.000000)
x_140_117: 1.000000 (21677 357.000000)
x_141_139: 1.000000 (21853 250.000000)
x_142_141: 1.000000 (22009 150.000000)
x_143_142: 1.000000 (22164 81.000000)
x_144_135: 1.000000 (22311 250.000000)
x_145_144: 1.000000 (22474 150.000000)
x_146_145: 1.000000 (22629 81.000000)
x_147_131: 1.000000 (22769 250.000000)
x_148_147: 1.000000 (22939 150.000000)
x_149_148: 1.000000 (23094 81.000000)
x_150_151: 1.000000 (23251 150.000000)
x_151_127: 1.000000 (23381 250.000000)
x_152_150: 1.000000 (23558 81.000000)
y_0_1: 1.000000 (23717 11130.147753)
y_0_4: 1.000000 (23720 9665.494762)
y_0_15: 1.000000 (23731 9329.305708)
y_0_44: 1.000000 (23760 5179.773837)
y_0_45: 1.000000 (23761 3024.176747)
y_0_54: 1.000000 (23770 3437.424763)
y_0_78: 1.000000 (23794 5895.624564)
y_0_79: 1.000000 (23795 4820.123339)
y_0_80: 1.000000 (23796 5049.434523)
y_0_82: 1.000000 (23798 8261.669868)
y_0_88: 1.000000 (23804 7651.103777)
y_0_89: 1.000000 (23805 5946.170616)
y_0_90: 1.000000 (23806 5293.485525)
y_0_91: 1.000000 (23807 5770.315849)
y_0_96: 1.000000 (23812 6303.101538)
y_0_97: 1.000000 (23813 5845.245333)
y_0_98: 1.000000 (23814 5789.001382)
y_0_99: 1.000000 (23815 5838.175143)
y_0_100: 1.000000 (23816 6416.968833)
y_0_113: 1.000000 (23829 6553.918599)
y_0_114: 1.000000 (23830 6450.851804)
y_0_115: 1.000000 (23831 6721.417187)
y_0_116: 1.000000 (23832 7096.836549)