Solution: 64720.297736
x_0_69: 1.000000 (69 1808.500000)
x_2_37: 1.000000 (345 750.000000)
x_3_14: 1.000000 (476 800.000000)
x_14_29: 1.000000 (2185 300.000000)
x_15_3: 1.000000 (2313 1093.000000)
x_16_2: 1.000000 (2466 850.000000)
x_29_30: 1.000000 (4496 212.000000)
x_30_31: 1.000000 (4651 110.000000)
x_31_153: 1.000000 (4927 4309.500000)
x_32_15: 1.000000 (4943 307.000000)
x_33_32: 1.000000 (5114 330.000000)
x_34_16: 1.000000 (5252 300.000000)
x_35_36: 1.000000 (5426 110.000000)
x_36_34: 1.000000 (5578 212.000000)
x_37_33: 1.000000 (5731 370.000000)
x_41_60: 1.000000 (6374 357.000000)
x_42_41: 1.000000 (6509 713.000000)
x_48_35: 1.000000 (7427 6070.000000)
x_49_48: 1.000000 (7594 151.000000)
x_50_49: 1.000000 (7749 128.000000)
x_51_73: 1.000000 (7927 150.000000)
x_55_68: 1.000000 (8538 218.000000)
x_56_55: 1.000000 (8679 128.000000)
x_57_88: 1.000000 (8866 1000.000000)
x_58_42: 1.000000 (8974 151.000000)
x_59_58: 1.000000 (9144 128.000000)
x_60_61: 1.000000 (9301 150.000000)
x_61_62: 1.000000 (9456 250.000000)
x_62_105: 1.000000 (9653 1182.000000)
x_63_64: 1.000000 (9766 81.000000)
x_64_59: 1.000000 (9915 96.000000)
x_65_57: 1.000000 (10067 150.000000)
x_66_65: 1.000000 (10229 250.000000)
x_67_66: 1.000000 (10384 150.000000)
x_68_67: 1.000000 (10539 81.000000)
x_69_70: 1.000000 (10696 250.000000)
x_70_71: 1.000000 (10851 150.000000)
x_71_72: 1.000000 (11006 81.000000)
x_72_79: 1.000000 (11167 631.000000)
x_73_75: 1.000000 (11317 250.000000)
x_74_76: 1.000000 (11472 81.000000)
x_75_74: 1.000000 (11624 150.000000)
x_76_50: 1.000000 (11754 96.000000)
x_78_51: 1.000000 (12063 1350.000000)
x_79_97: 1.000000 (12263 782.000000)
x_80_81: 1.000000 (12401 1400.000000)
x_81_56: 1.000000 (12530 721.000000)
x_83_63: 1.000000 (12845 600.000000)
x_84_85: 1.000000 (13021 803.000000)
x_85_108: 1.000000 (13198 307.000000)
x_86_84: 1.000000 (13328 850.000000)
x_87_83: 1.000000 (13481 1093.000000)
x_88_102: 1.000000 (13654 476.000000)
x_90_80: 1.000000 (13940 850.000000)
x_91_78: 1.000000 (14092 803.000000)
x_93_94: 1.000000 (14416 110.000000)
x_94_95: 1.000000 (14571 212.000000)
x_95_116: 1.000000 (14746 850.000000)
x_96_91: 1.000000 (14875 307.000000)
x_97_98: 1.000000 (15036 110.000000)
x_98_99: 1.000000 (15191 212.000000)
x_99_90: 1.000000 (15336 300.000000)
x_101_103: 1.000000 (15657 286.000000)
x_102_101: 1.000000 (15809 110.000000)
x_103_112: 1.000000 (15974 850.000000)
x_104_87: 1.000000 (16103 307.000000)
x_105_106: 1.000000 (16276 110.000000)
x_106_107: 1.000000 (16431 212.000000)
x_107_86: 1.000000 (16564 300.000000)
x_108_109: 1.000000 (16741 330.000000)
x_109_110: 1.000000 (16896 370.000000)
x_110_117: 1.000000 (17057 6093.000000)
x_111_104: 1.000000 (17198 330.000000)
x_112_111: 1.000000 (17359 370.000000)
x_115_96: 1.000000 (17806 330.000000)
x_116_115: 1.000000 (17979 370.000000)
x_117_140: 1.000000 (18158 357.000000)
x_118_119: 1.000000 (18291 1845.000000)
x_119_136: 1.000000 (18462 357.000000)
x_120_121: 1.000000 (18601 1845.000000)
x_121_132: 1.000000 (18766 357.000000)
x_122_123: 1.000000 (18911 1845.000000)
x_123_128: 1.000000 (19070 357.000000)
x_124_93: 1.000000 (19189 6070.000000)
x_125_124: 1.000000 (19374 151.000000)
x_126_125: 1.000000 (19529 128.000000)
x_127_151: 1.000000 (19709 250.000000)
x_128_127: 1.000000 (19839 150.000000)
x_129_122: 1.000000 (19988 151.000000)
x_130_129: 1.000000 (20149 128.000000)
x_131_147: 1.000000 (20321 250.000000)
x_132_131: 1.000000 (20459 150.000000)
x_133_120: 1.000000 (20602 151.000000)
x_134_133: 1.000000 (20769 128.000000)
x_135_144: 1.000000 (20934 250.000000)
x_136_135: 1.000000 (21079 150.000000)
x_137_118: 1.000000 (21216 151.000000)
x_138_137: 1.000000 (21389 128.000000)
x_139_141: 1.000000 (21547 250.000000)
x_140_139: 1.000000 (21699 150.000000)
x_141_142: 1.000000 (21856 150.000000)
x_142_143: 1.000000 (22011 81.000000)
x_143_138: 1.000000 (22160 96.000000)
x_144_145: 1.000000 (22321 150.000000)
x_145_146: 1.000000 (22476 81.000000)
x_146_134: 1.000000 (22618 96.000000)
x_147_148: 1.000000 (22786 150.000000)
x_148_149: 1.000000 (22941 81.000000)
x_149_130: 1.000000 (23076 96.000000)
x_150_152: 1.000000 (23252 81.000000)
x_151_150: 1.000000 (23404 150.000000)
x_152_126: 1.000000 (23534 96.000000)
y_0_7: 1.000000 (23723 13482.410356)
y_0_8: 1.000000 (23724 15197.321771)
y_0_17: 1.000000 (23733 15428.197853)
y_0_20: 1.000000 (23736 13125.634956)
y_0_22: 1.000000 (23738 11512.640401)
y_0_26: 1.000000 (23742 9793.094148)
y_0_27: 1.000000 (23743 8892.271307)
y_0_28: 1.000000 (23744 8501.108692)
y_0_38: 1.000000 (23754 8250.362962)
y_0_43: 1.000000 (23759 6387.992251)
y_0_47: 1.000000 (23763 5431.836246)
y_0_53: 1.000000 (23769 3508.537160)
y_0_54: 1.000000 (23770 3437.424763)
y_0_114: 1.000000 (23830 6450.851804)
y_1_4: 1.000000 (23874 9665.494762)
y_1_5: 1.000000 (23875 10509.851997)
y_1_9: 1.000000 (23879 15788.513071)
y_1_11: 1.000000 (23881 11965.648541)
y_1_12: 1.000000 (23882 10590.769047)
y_1_21: 1.000000 (23891 13287.540668)
y_1_23: 1.000000 (23893 11048.314306)
y_1_39: 1.000000 (23909 10551.629685)
y_1_44: 1.000000 (23914 5179.773837)
y_1_45: 1.000000 (23915 3024.176747)
y_1_82: 1.000000 (23952 8261.669868)
y_1_89: 1.000000 (23959 5946.170616)
y_1_92: 1.000000 (23962 7037.228787)
y_1_113: 1.000000 (23983 6553.918599)
y_2_1: 1.000000 (24025 11130.147753)
y_2_6: 1.000000 (24030 11669.626772)
y_2_10: 1.000000 (24034 13953.594125)
y_2_13: 1.000000 (24037 9439.086026)
y_2_18: 1.000000 (24042 14962.675195)
y_2_19: 1.000000 (24043 13565.253002)
y_2_24: 1.000000 (24048 10098.895435)
y_2_25: 1.000000 (24049 9924.108877)
y_2_40: 1.000000 (24064 14374.466564)
y_2_46: 1.000000 (24070 3103.684423)
y_2_52: 1.000000 (24076 3321.768354)
y_2_77: 1.000000 (24101 7480.320113)
y_2_100: 1.000000 (24124 6416.968833)