Solution: 79952.000000
x_0_30: 1.000000 (30 4257.500000)
x_2_15: 1.000000 (323 803.000000)
x_3_14: 1.000000 (476 800.000000)
x_5_26: 1.000000 (796 782.000000)
x_6_39: 1.000000 (963 750.000000)
x_7_20: 1.000000 (1098 782.000000)
x_8_9: 1.000000 (1241 803.000000)
x_9_17: 1.000000 (1403 307.000000)
x_10_8: 1.000000 (1548 850.000000)
x_11_7: 1.000000 (1701 1093.000000)
x_12_6: 1.000000 (1854 850.000000)
x_13_5: 1.000000 (2007 1093.000000)
x_14_29: 1.000000 (2185 300.000000)
x_15_3: 1.000000 (2313 1093.000000)
x_16_2: 1.000000 (2466 850.000000)
x_17_18: 1.000000 (2636 330.000000)
x_18_40: 1.000000 (2812 370.000000)
x_19_10: 1.000000 (2936 300.000000)
x_20_21: 1.000000 (3101 110.000000)
x_21_19: 1.000000 (3253 212.000000)
x_22_11: 1.000000 (3399 307.000000)
x_23_22: 1.000000 (3564 330.000000)
x_24_12: 1.000000 (3708 300.000000)
x_25_24: 1.000000 (3874 212.000000)
x_26_25: 1.000000 (4029 110.000000)
x_27_13: 1.000000 (4171 307.000000)
x_28_27: 1.000000 (4339 330.000000)
x_29_38: 1.000000 (4504 850.000000)
x_30_31: 1.000000 (4651 110.000000)
x_31_32: 1.000000 (4806 1132.000000)
x_32_33: 1.000000 (4961 330.000000)
x_33_37: 1.000000 (5119 370.000000)
x_34_35: 1.000000 (5271 286.000000)
x_35_36: 1.000000 (5426 110.000000)
x_36_16: 1.000000 (5560 476.000000)
x_37_34: 1.000000 (5732 850.000000)
x_38_28: 1.000000 (5880 370.000000)
x_39_23: 1.000000 (6029 370.000000)
x_40_41: 1.000000 (6201 6093.000000)
x_41_60: 1.000000 (6374 357.000000)
x_42_43: 1.000000 (6511 1845.000000)
x_43_57: 1.000000 (6679 357.000000)
x_44_55: 1.000000 (6831 151.000000)
x_46_153: 1.000000 (7237 1922.500000)
x_48_49: 1.000000 (7441 151.000000)
x_49_76: 1.000000 (7622 218.000000)
x_50_48: 1.000000 (7748 279.000000)
x_51_92: 1.000000 (7946 1000.000000)
x_52_46: 1.000000 (8054 151.000000)
x_53_52: 1.000000 (8214 128.000000)
x_54_69: 1.000000 (8385 150.000000)
x_55_68: 1.000000 (8538 218.000000)
x_56_44: 1.000000 (8668 279.000000)
x_57_65: 1.000000 (8843 150.000000)
x_58_42: 1.000000 (8974 151.000000)
x_59_58: 1.000000 (9144 128.000000)
x_60_61: 1.000000 (9301 150.000000)
x_61_62: 1.000000 (9456 250.000000)
x_62_63: 1.000000 (9611 150.000000)
x_63_64: 1.000000 (9766 81.000000)
x_64_59: 1.000000 (9915 96.000000)
x_65_66: 1.000000 (10076 250.000000)
x_66_67: 1.000000 (10231 150.000000)
x_67_56: 1.000000 (10374 171.000000)
x_68_81: 1.000000 (10553 631.000000)
x_69_70: 1.000000 (10696 250.000000)
x_70_71: 1.000000 (10851 150.000000)
x_71_72: 1.000000 (11006 81.000000)
x_72_53: 1.000000 (11141 96.000000)
x_73_51: 1.000000 (11293 150.000000)
x_74_75: 1.000000 (11471 150.000000)
x_75_73: 1.000000 (11623 250.000000)
x_76_74: 1.000000 (11778 81.000000)
x_77_50: 1.000000 (11908 721.000000)
x_80_54: 1.000000 (12374 1350.000000)
x_81_101: 1.000000 (12575 782.000000)
x_83_105: 1.000000 (12887 782.000000)
x_84_85: 1.000000 (13021 803.000000)
x_85_108: 1.000000 (13198 307.000000)
x_86_84: 1.000000 (13328 850.000000)
x_87_83: 1.000000 (13481 1093.000000)
x_88_112: 1.000000 (13664 1100.000000)
x_90_80: 1.000000 (13940 850.000000)
x_92_94: 1.000000 (14262 476.000000)
x_93_95: 1.000000 (14417 286.000000)
x_94_93: 1.000000 (14569 110.000000)
x_95_116: 1.000000 (14746 850.000000)
x_96_97: 1.000000 (14881 1132.000000)
x_97_98: 1.000000 (15036 110.000000)
x_98_99: 1.000000 (15191 212.000000)
x_99_90: 1.000000 (15336 300.000000)
x_101_102: 1.000000 (15656 110.000000)
x_102_103: 1.000000 (15811 212.000000)
x_103_88: 1.000000 (15950 300.000000)
x_104_87: 1.000000 (16103 307.000000)
x_105_106: 1.000000 (16276 110.000000)
x_106_107: 1.000000 (16431 212.000000)
x_107_86: 1.000000 (16564 300.000000)
x_108_109: 1.000000 (16741 330.000000)
x_109_110: 1.000000 (16896 370.000000)
x_110_117: 1.000000 (17057 6093.000000)
x_111_104: 1.000000 (17198 330.000000)
x_112_111: 1.000000 (17359 370.000000)
x_115_96: 1.000000 (17806 330.000000)
x_116_115: 1.000000 (17979 370.000000)
x_117_140: 1.000000 (18158 357.000000)
x_118_119: 1.000000 (18291 1845.000000)
x_119_136: 1.000000 (18462 357.000000)
x_120_121: 1.000000 (18601 1845.000000)
x_121_132: 1.000000 (18766 357.000000)
x_122_123: 1.000000 (18911 1845.000000)
x_123_128: 1.000000 (19070 357.000000)
x_124_77: 1.000000 (19173 6356.000000)
x_125_124: 1.000000 (19374 151.000000)
x_126_125: 1.000000 (19529 128.000000)
x_127_151: 1.000000 (19709 250.000000)
x_128_127: 1.000000 (19839 150.000000)
x_129_122: 1.000000 (19988 151.000000)
x_130_129: 1.000000 (20149 128.000000)
x_131_147: 1.000000 (20321 250.000000)
x_132_131: 1.000000 (20459 150.000000)
x_133_120: 1.000000 (20602 151.000000)
x_134_133: 1.000000 (20769 128.000000)
x_135_144: 1.000000 (20934 250.000000)
x_136_135: 1.000000 (21079 150.000000)
x_137_118: 1.000000 (21216 151.000000)
x_138_137: 1.000000 (21389 128.000000)
x_139_141: 1.000000 (21547 250.000000)
x_140_139: 1.000000 (21699 150.000000)
x_141_142: 1.000000 (21856 150.000000)
x_142_143: 1.000000 (22011 81.000000)
x_143_138: 1.000000 (22160 96.000000)
x_144_145: 1.000000 (22321 150.000000)
x_145_146: 1.000000 (22476 81.000000)
x_146_134: 1.000000 (22618 96.000000)
x_147_148: 1.000000 (22786 150.000000)
x_148_149: 1.000000 (22941 81.000000)
x_149_130: 1.000000 (23076 96.000000)
x_150_152: 1.000000 (23252 81.000000)
x_151_150: 1.000000 (23404 150.000000)
x_152_126: 1.000000 (23534 96.000000)
y_0_1: 1.000000 (23717 11130.147753)
y_0_4: 1.000000 (23720 9665.494762)
y_0_45: 1.000000 (23761 3024.176747)
y_0_47: 1.000000 (23763 5431.836246)
y_0_78: 1.000000 (23794 5895.624564)
y_0_79: 1.000000 (23795 4820.123339)
y_0_82: 1.000000 (23798 8261.669868)
y_0_89: 1.000000 (23805 5946.170616)
y_0_91: 1.000000 (23807 5770.315849)
y_0_100: 1.000000 (23816 6416.968833)
y_0_113: 1.000000 (23829 6553.918599)
y_0_114: 1.000000 (23830 6450.851804)