Solution: 1849.520000 
x_0_44: 1.000000 (44 22.645000)
x_1_2: 1.000000 (233 11.510000)
x_2_12: 1.000000 (474 11.860000)
x_3_1: 1.000000 (694 11.930000)
x_4_3: 1.000000 (927 6.000000)
x_5_4: 1.000000 (1159 3.070000)
x_6_5: 1.000000 (1391 5.900000)
x_7_6: 1.000000 (1623 4.910000)
x_8_7: 1.000000 (1855 3.020000)
x_9_8: 1.000000 (2087 7.380000)
x_10_9: 1.000000 (2319 7.070000)
x_11_10: 1.000000 (2551 4.110000)
x_12_13: 1.000000 (2785 7.400000)
x_13_14: 1.000000 (3017 5.830000)
x_14_15: 1.000000 (3249 3.340000)
x_15_26: 1.000000 (3491 10.940000)
x_16_17: 1.000000 (3713 4.350000)
x_17_18: 1.000000 (3945 3.290000)
x_18_19: 1.000000 (4177 5.180000)
x_19_11: 1.000000 (4400 4.800000)
x_20_16: 1.000000 (4636 4.580000)
x_21_20: 1.000000 (4871 6.130000)
x_22_21: 1.000000 (5103 6.010000)
x_23_84: 1.000000 (5397 5.070000)
x_24_23: 1.000000 (5567 1.510000)
x_25_22: 1.000000 (5797 7.460000)
x_26_27: 1.000000 (6033 5.700000)
x_27_28: 1.000000 (6265 13.980000)
x_28_30: 1.000000 (6498 21.930000)
x_30_31: 1.000000 (6961 9.330000)
x_31_32: 1.000000 (7193 10.940000)
x_32_39: 1.000000 (7431 15.550000)
x_36_92: 1.000000 (8408 10.340000)
x_37_36: 1.000000 (8583 3.050000)
x_39_40: 1.000000 (9049 6.940000)
x_40_168: 1.000000 (9408 15.390000)
x_43_230: 1.000000 (10163 7.695000)
x_44_49: 1.000000 (10213 22.400000)
x_45_43: 1.000000 (10438 31.920000)
x_47_45: 1.000000 (10902 22.450000)
x_48_47: 1.000000 (11135 4.040000)
x_49_188: 1.000000 (11507 4.760000)
x_50_48: 1.000000 (11598 8.670000)
x_51_53: 1.000000 (11834 5.390000)
x_52_51: 1.000000 (12063 4.250000)
x_53_55: 1.000000 (12298 4.610000)
x_54_58: 1.000000 (12532 1.540000)
x_55_54: 1.000000 (12759 2.740000)
x_56_24: 1.000000 (12960 3.690000)
x_57_56: 1.000000 (13223 3.030000)
x_58_62: 1.000000 (13460 3.600000)
x_59_57: 1.000000 (13686 4.470000)
x_60_59: 1.000000 (13919 2.350000)
x_61_60: 1.000000 (14151 1.390000)
x_62_64: 1.000000 (14386 1.330000)
x_63_61: 1.000000 (14614 2.350000)
x_64_65: 1.000000 (14849 1.000000)
x_65_66: 1.000000 (15081 1.260000)
x_66_63: 1.000000 (15309 0.530000)
x_67_68: 1.000000 (15545 3.220000)
x_68_69: 1.000000 (15777 0.400000)
x_69_71: 1.000000 (16010 9.870000)
x_70_73: 1.000000 (16243 5.870000)
x_71_70: 1.000000 (16471 2.300000)
x_72_229: 1.000000 (16861 193.860000)
x_73_72: 1.000000 (16935 5.830000)
x_74_75: 1.000000 (17169 4.980000)
x_75_76: 1.000000 (17401 3.870000)
x_76_77: 1.000000 (17633 1.930000)
x_77_78: 1.000000 (17865 5.670000)
x_78_67: 1.000000 (18085 7.170000)
x_79_90: 1.000000 (18339 4.890000)
x_80_88: 1.000000 (18568 0.790000)
x_81_87: 1.000000 (18798 3.770000)
x_82_81: 1.000000 (19023 2.100000)
x_83_82: 1.000000 (19255 2.120000)
x_84_83: 1.000000 (19487 4.950000)
x_85_25: 1.000000 (19660 3.220000)
x_86_85: 1.000000 (19951 3.660000)
x_87_80: 1.000000 (20177 4.320000)
x_88_79: 1.000000 (20407 1.570000)
x_89_86: 1.000000 (20645 3.120000)
x_90_91: 1.000000 (20881 5.540000)
x_91_89: 1.000000 (21110 7.900000)
x_92_93: 1.000000 (21345 4.740000)
x_93_94: 1.000000 (21577 6.060000)
x_94_100: 1.000000 (21814 2.900000)
x_95_37: 1.000000 (21982 4.680000)
x_96_95: 1.000000 (22271 4.870000)
x_97_98: 1.000000 (22505 1.230000)
x_98_96: 1.000000 (22734 2.120000)
x_100_101: 1.000000 (23201 4.220000)
x_101_102: 1.000000 (23433 2.500000)
x_102_103: 1.000000 (23665 1.890000)
x_103_74: 1.000000 (23867 9.830000)
x_104_97: 1.000000 (24121 5.000000)
x_105_104: 1.000000 (24359 2.680000)
x_106_107: 1.000000 (24593 2.850000)
x_107_105: 1.000000 (24822 3.490000)
x_108_113: 1.000000 (25061 6.340000)
x_109_108: 1.000000 (25287 3.870000)
x_110_109: 1.000000 (25519 2.230000)
x_112_106: 1.000000 (25978 3.800000)
x_113_116: 1.000000 (26219 4.630000)
x_115_112: 1.000000 (26677 4.570000)
x_116_117: 1.000000 (26913 5.080000)
x_117_120: 1.000000 (27147 7.380000)
x_118_115: 1.000000 (27373 5.970000)
x_119_118: 1.000000 (27607 4.870000)
x_120_123: 1.000000 (27843 7.150000)
x_121_119: 1.000000 (28070 3.160000)
x_122_121: 1.000000 (28303 1.270000)
x_123_122: 1.000000 (28535 4.440000)
x_124_110: 1.000000 (28754 2.190000)
x_125_124: 1.000000 (28999 4.350000)
x_126_125: 1.000000 (29231 4.710000)
x_127_126: 1.000000 (29463 2.480000)
x_128_127: 1.000000 (29695 4.750000)
x_129_128: 1.000000 (29927 5.580000)
x_130_129: 1.000000 (30159 4.490000)
x_131_130: 1.000000 (30391 4.540000)
x_132_131: 1.000000 (30623 2.220000)
x_134_132: 1.000000 (31086 6.300000)
x_135_134: 1.000000 (31319 1.010000)
x_136_135: 1.000000 (31551 7.320000)
x_137_136: 1.000000 (31783 2.730000)
x_138_137: 1.000000 (32015 6.360000)
x_139_138: 1.000000 (32247 8.310000)
x_140_142: 1.000000 (32482 3.270000)
x_141_143: 1.000000 (32714 5.040000)
x_142_139: 1.000000 (32941 3.700000)
x_143_140: 1.000000 (33173 4.880000)
x_144_141: 1.000000 (33405 4.660000)
x_145_144: 1.000000 (33639 5.580000)
x_146_145: 1.000000 (33871 1.320000)
x_147_146: 1.000000 (34103 3.800000)
x_148_147: 1.000000 (34335 2.560000)
x_149_148: 1.000000 (34567 3.920000)
x_150_155: 1.000000 (34805 9.140000)
x_151_149: 1.000000 (35030 5.970000)
x_152_151: 1.000000 (35263 8.680000)
x_153_152: 1.000000 (35495 7.580000)
x_154_153: 1.000000 (35727 7.400000)
x_155_154: 1.000000 (35959 6.920000)
x_156_157: 1.000000 (36193 8.330000)
x_157_158: 1.000000 (36425 6.300000)
x_158_201: 1.000000 (36699 11.050000)
x_159_156: 1.000000 (36885 6.600000)
x_160_159: 1.000000 (37119 4.960000)
x_161_160: 1.000000 (37351 1.440000)
x_162_161: 1.000000 (37583 5.270000)
x_163_164: 1.000000 (37817 6.290000)
x_164_162: 1.000000 (38046 8.860000)
x_165_173: 1.000000 (38288 3.160000)
x_168_179: 1.000000 (38987 7.180000)
x_172_163: 1.000000 (39895 1.820000)
x_173_172: 1.000000 (40135 9.010000)
x_176_165: 1.000000 (40821 6.130000)
x_179_181: 1.000000 (41530 5.950000)
x_180_182: 1.000000 (41762 4.780000)
x_181_180: 1.000000 (41991 1.340000)
x_182_186: 1.000000 (42228 6.430000)
x_184_50: 1.000000 (42554 7.500000)
x_186_184: 1.000000 (43150 8.290000)
x_187_197: 1.000000 (43394 3.100000)
x_188_189: 1.000000 (43617 4.740000)
x_189_190: 1.000000 (43849 1.740000)
x_190_191: 1.000000 (44081 3.800000)
x_191_193: 1.000000 (44314 3.990000)
x_192_194: 1.000000 (44546 1.200000)
x_193_192: 1.000000 (44775 1.400000)
x_194_195: 1.000000 (45009 0.750000)
x_195_196: 1.000000 (45241 3.190000)
x_196_187: 1.000000 (45463 4.060000)
x_197_198: 1.000000 (45705 1.900000)
x_198_199: 1.000000 (45937 8.160000)
x_199_176: 1.000000 (46145 11.130000)
x_200_223: 1.000000 (46423 22.690000)
x_201_200: 1.000000 (46631 19.650000)
x_202_203: 1.000000 (46865 10.200000)
x_203_211: 1.000000 (47104 10.480000)
x_204_150: 1.000000 (47274 9.330000)
x_205_212: 1.000000 (47567 26.170000)
x_206_205: 1.000000 (47791 25.840000)
x_207_206: 1.000000 (48023 9.170000)
x_208_207: 1.000000 (48255 7.650000)
x_209_210: 1.000000 (48489 8.130000)
x_210_220: 1.000000 (48730 18.370000)
x_211_209: 1.000000 (48950 19.010000)
x_212_204: 1.000000 (49176 14.170000)
x_213_208: 1.000000 (49411 26.100000)
x_214_213: 1.000000 (49647 4.280000)
x_215_214: 1.000000 (49879 4.230000)
x_216_215: 1.000000 (50111 4.670000)
x_217_218: 1.000000 (50345 11.620000)
x_218_225: 1.000000 (50583 28.900000)
x_219_216: 1.000000 (50805 22.230000)
x_220_219: 1.000000 (51039 16.060000)
x_221_202: 1.000000 (51253 12.590000)
x_222_221: 1.000000 (51503 15.920000)
x_223_222: 1.000000 (51735 12.990000)
x_224_52: 1.000000 (51796 201.670000)
x_225_224: 1.000000 (52199 19.990000)
x_226_227: 1.000000 (52433 18.210000)
x_227_217: 1.000000 (52654 29.540000)
x_228_226: 1.000000 (52894 24.530000)
x_229_228: 1.000000 (53127 22.870000)
y_0_29: 1.000000 (53390 178.824788)
y_0_33: 1.000000 (53394 207.765559)
y_0_34: 1.000000 (53395 202.236864)
y_0_35: 1.000000 (53396 217.425579)
y_0_38: 1.000000 (53399 180.813679)
y_0_41: 1.000000 (53402 127.217406)
y_0_42: 1.000000 (53403 94.870879)
y_0_46: 1.000000 (53407 99.771726)
y_0_99: 1.000000 (53460 217.721552)
y_0_111: 1.000000 (53472 190.303524)
y_0_114: 1.000000 (53475 196.856779)
y_0_133: 1.000000 (53494 159.830863)
y_0_166: 1.000000 (53527 180.091817)
y_0_167: 1.000000 (53528 152.632821)
y_0_169: 1.000000 (53530 154.979701)
y_0_170: 1.000000 (53531 151.403301)
y_0_171: 1.000000 (53532 162.014781)
y_0_174: 1.000000 (53535 136.192881)
y_0_175: 1.000000 (53536 126.973936)
y_0_177: 1.000000 (53538 134.606856)
y_0_178: 1.000000 (53539 120.753882)
y_0_183: 1.000000 (53544 111.451095)
y_0_185: 1.000000 (53546 108.843883)
