Solution: 1479.900000
x_0_71: 1.000000 (71 43.645000)
x_3_4: 1.000000 (697 6.000000)
x_4_5: 1.000000 (929 3.070000)
x_5_6: 1.000000 (1161 5.900000)
x_6_7: 1.000000 (1393 4.910000)
x_7_8: 1.000000 (1625 3.020000)
x_8_10: 1.000000 (1858 6.250000)
x_10_17: 1.000000 (2327 6.100000)
x_16_20: 1.000000 (3716 4.580000)
x_17_16: 1.000000 (3943 4.350000)
x_20_55: 1.000000 (4675 10.090000)
x_26_3: 1.000000 (6009 27.550000)
x_27_26: 1.000000 (6263 5.700000)
x_30_27: 1.000000 (6957 14.390000)
x_31_30: 1.000000 (7191 9.330000)
x_32_31: 1.000000 (7423 10.940000)
x_39_32: 1.000000 (9041 15.550000)
x_41_39: 1.000000 (9510 9.230000)
x_43_44: 1.000000 (9977 30.340000)
x_44_47: 1.000000 (10211 24.030000)
x_45_43: 1.000000 (10438 31.920000)
x_46_41: 1.000000 (10667 15.880000)
x_47_48: 1.000000 (10905 4.040000)
x_48_46: 1.000000 (11134 9.640000)
x_49_45: 1.000000 (11364 20.820000)
x_55_59: 1.000000 (12764 3.410000)
x_59_60: 1.000000 (13689 2.350000)
x_60_61: 1.000000 (13921 1.390000)
x_61_62: 1.000000 (14153 1.110000)
x_62_64: 1.000000 (14386 1.330000)
x_63_66: 1.000000 (14619 0.530000)
x_64_63: 1.000000 (14847 1.490000)
x_66_224: 1.000000 (15470 202.930000)
x_70_78: 1.000000 (16248 11.460000)
x_71_70: 1.000000 (16471 2.300000)
x_78_79: 1.000000 (18097 5.980000)
x_79_80: 1.000000 (18329 1.220000)
x_80_88: 1.000000 (18568 0.790000)
x_88_90: 1.000000 (20418 5.000000)
x_90_91: 1.000000 (20881 5.540000)
x_91_94: 1.000000 (21115 9.400000)
x_94_100: 1.000000 (21814 2.900000)
x_96_97: 1.000000 (22273 3.150000)
x_97_98: 1.000000 (22505 1.230000)
x_98_106: 1.000000 (22744 5.110000)
x_99_96: 1.000000 (22965 5.000000)
x_100_99: 1.000000 (23199 4.300000)
x_106_112: 1.000000 (24598 3.800000)
x_111_126: 1.000000 (25767 3.140000)
x_112_115: 1.000000 (25987 4.570000)
x_114_111: 1.000000 (26445 4.740000)
x_115_116: 1.000000 (26681 7.140000)
x_116_117: 1.000000 (26913 5.080000)
x_117_114: 1.000000 (27141 5.200000)
x_126_127: 1.000000 (29233 2.480000)
x_127_128: 1.000000 (29465 4.750000)
x_128_129: 1.000000 (29697 5.580000)
x_129_130: 1.000000 (29929 4.490000)
x_130_131: 1.000000 (30161 4.540000)
x_131_132: 1.000000 (30393 2.220000)
x_132_134: 1.000000 (30626 6.300000)
x_134_135: 1.000000 (31089 1.010000)
x_135_136: 1.000000 (31321 7.320000)
x_136_137: 1.000000 (31553 2.730000)
x_137_139: 1.000000 (31786 10.430000)
x_139_142: 1.000000 (32251 3.700000)
x_140_141: 1.000000 (32481 4.020000)
x_141_144: 1.000000 (32715 4.660000)
x_142_140: 1.000000 (32942 3.270000)
x_144_145: 1.000000 (33409 5.580000)
x_145_146: 1.000000 (33641 1.320000)
x_146_147: 1.000000 (33873 3.800000)
x_147_148: 1.000000 (34105 2.560000)
x_148_149: 1.000000 (34337 3.920000)
x_149_205: 1.000000 (34624 23.540000)
x_150_157: 1.000000 (34807 11.440000)
x_156_159: 1.000000 (36195 6.600000)
x_157_156: 1.000000 (36423 8.330000)
x_158_204: 1.000000 (36702 8.830000)
x_159_160: 1.000000 (36889 4.960000)
x_160_161: 1.000000 (37121 1.440000)
x_161_162: 1.000000 (37353 5.270000)
x_162_164: 1.000000 (37586 8.860000)
x_164_165: 1.000000 (38049 3.780000)
x_165_173: 1.000000 (38288 3.160000)
x_173_175: 1.000000 (40138 6.670000)
x_175_176: 1.000000 (40601 3.700000)
x_176_178: 1.000000 (40834 6.010000)
x_178_182: 1.000000 (41300 3.630000)
x_182_183: 1.000000 (42225 4.870000)
x_183_185: 1.000000 (42458 4.650000)
x_185_186: 1.000000 (42921 2.810000)
x_186_187: 1.000000 (43153 4.720000)
x_187_197: 1.000000 (43394 3.100000)
x_188_49: 1.000000 (43477 4.760000)
x_189_188: 1.000000 (43847 4.740000)
x_190_189: 1.000000 (44079 1.740000)
x_191_190: 1.000000 (44311 3.800000)
x_192_193: 1.000000 (44545 1.400000)
x_193_191: 1.000000 (44774 3.990000)
x_194_192: 1.000000 (45006 1.200000)
x_195_194: 1.000000 (45239 0.750000)
x_196_195: 1.000000 (45471 3.190000)
x_197_198: 1.000000 (45705 1.900000)
x_198_196: 1.000000 (45934 4.820000)
x_201_158: 1.000000 (46589 11.050000)
x_202_201: 1.000000 (46863 13.500000)
x_203_202: 1.000000 (47095 10.200000)
x_204_150: 1.000000 (47274 9.330000)
x_205_212: 1.000000 (47567 26.170000)
x_206_207: 1.000000 (47793 9.170000)
x_207_208: 1.000000 (48025 7.650000)
x_208_213: 1.000000 (48261 26.100000)
x_209_206: 1.000000 (48485 13.810000)
x_210_209: 1.000000 (48719 8.130000)
x_211_210: 1.000000 (48951 14.660000)
x_212_211: 1.000000 (49183 17.210000)
x_213_214: 1.000000 (49417 4.280000)
x_214_215: 1.000000 (49649 4.230000)
x_215_216: 1.000000 (49881 4.670000)
x_216_219: 1.000000 (50115 22.230000)
x_217_227: 1.000000 (50354 29.540000)
x_218_217: 1.000000 (50575 11.620000)
x_219_220: 1.000000 (50809 16.060000)
x_220_222: 1.000000 (51042 22.120000)
x_221_203: 1.000000 (51254 12.510000)
x_222_223: 1.000000 (51505 12.990000)
x_223_221: 1.000000 (51734 26.270000)
x_224_225: 1.000000 (51969 19.990000)
x_225_218: 1.000000 (52193 28.900000)
x_226_228: 1.000000 (52434 24.530000)
x_227_226: 1.000000 (52663 18.210000)
x_228_229: 1.000000 (52897 22.870000)
x_229_230: 1.000000 (53129 149.695000)
y_0_1: 1.000000 (53362 129.780319)
y_0_14: 1.000000 (53375 128.988485)
y_0_25: 1.000000 (53386 111.439941)
y_0_29: 1.000000 (53390 207.572201)
y_0_35: 1.000000 (53396 147.428597)
y_0_38: 1.000000 (53399 182.867775)
y_0_40: 1.000000 (53401 221.746299)
y_0_65: 1.000000 (53426 77.204172)
y_0_67: 1.000000 (53428 79.579284)
y_0_69: 1.000000 (53430 78.159594)
y_0_102: 1.000000 (53463 135.969312)
y_0_108: 1.000000 (53469 159.919350)
y_0_109: 1.000000 (53470 165.047252)
y_0_123: 1.000000 (53484 156.247258)
y_0_124: 1.000000 (53485 170.131581)
y_0_125: 1.000000 (53486 178.343760)
y_0_151: 1.000000 (53512 227.566762)
y_0_152: 1.000000 (53513 218.284432)
y_0_166: 1.000000 (53527 182.461823)
y_1_9: 1.000000 (53601 87.672227)
y_1_11: 1.000000 (53603 89.886133)
y_1_21: 1.000000 (53613 112.455666)
y_1_22: 1.000000 (53614 115.590538)
y_1_24: 1.000000 (53616 102.478742)
y_1_51: 1.000000 (53643 79.516014)
y_1_54: 1.000000 (53646 85.908750)
y_1_75: 1.000000 (53667 110.499300)
y_1_76: 1.000000 (53668 103.019395)
y_1_81: 1.000000 (53673 95.471171)
y_1_82: 1.000000 (53674 97.447521)
y_1_87: 1.000000 (53679 101.340971)
y_1_101: 1.000000 (53693 137.487577)
y_1_105: 1.000000 (53697 154.716551)
y_1_107: 1.000000 (53699 150.748661)
y_1_110: 1.000000 (53702 169.184815)
y_1_119: 1.000000 (53711 151.577422)
y_1_121: 1.000000 (53713 153.713715)
y_1_138: 1.000000 (53730 197.516249)
y_1_153: 1.000000 (53745 226.438589)
y_1_163: 1.000000 (53755 225.996323)
y_1_171: 1.000000 (53763 203.393228)
y_2_2: 1.000000 (53825 130.509770)
y_2_12: 1.000000 (53835 112.825499)
y_2_15: 1.000000 (53838 127.416075)
y_2_19: 1.000000 (53842 90.905015)
y_2_23: 1.000000 (53846 104.271256)
y_2_36: 1.000000 (53859 141.046245)
y_2_37: 1.000000 (53860 143.949954)
y_2_72: 1.000000 (53895 87.118543)
y_2_74: 1.000000 (53897 115.887482)
y_2_84: 1.000000 (53907 103.488402)
y_2_86: 1.000000 (53909 109.993938)
y_2_89: 1.000000 (53912 107.782147)
y_2_113: 1.000000 (53936 156.090199)
y_2_122: 1.000000 (53945 153.077933)
y_2_133: 1.000000 (53956 208.699166)
y_2_154: 1.000000 (53977 232.322235)
y_2_179: 1.000000 (54002 227.360897)
y_2_181: 1.000000 (54004 235.970281)
y_2_199: 1.000000 (54022 253.287594)
y_3_13: 1.000000 (54067 122.776852)
y_3_18: 1.000000 (54072 98.342168)
y_3_42: 1.000000 (54096 274.910092)
y_3_50: 1.000000 (54104 267.401478)
y_3_53: 1.000000 (54107 83.105004)
y_3_56: 1.000000 (54110 96.672646)
y_3_58: 1.000000 (54112 83.988026)
y_3_73: 1.000000 (54127 95.159353)
y_3_155: 1.000000 (54209 237.767565)
y_3_167: 1.000000 (54221 209.356730)
y_3_168: 1.000000 (54222 218.514147)
y_3_170: 1.000000 (54224 212.469321)
y_3_174: 1.000000 (54228 228.235636)
y_3_177: 1.000000 (54231 228.187644)
y_3_180: 1.000000 (54234 237.444525)
y_3_184: 1.000000 (54238 258.580016)
y_4_28: 1.000000 (54313 166.353180)
y_4_33: 1.000000 (54318 161.685272)
y_4_34: 1.000000 (54319 162.555420)
y_4_52: 1.000000 (54337 73.457844)
y_4_57: 1.000000 (54342 92.715365)
y_4_68: 1.000000 (54353 77.456301)
y_4_77: 1.000000 (54362 101.669668)
y_4_83: 1.000000 (54368 96.268475)
y_4_85: 1.000000 (54370 108.175125)
y_4_92: 1.000000 (54377 125.422448)
y_4_93: 1.000000 (54378 129.102713)
y_4_95: 1.000000 (54380 142.387906)
y_4_103: 1.000000 (54388 133.363393)
y_4_104: 1.000000 (54389 157.252530)
y_4_118: 1.000000 (54403 147.224361)
y_4_120: 1.000000 (54405 157.228625)
y_4_143: 1.000000 (54428 198.845107)
y_4_169: 1.000000 (54454 208.280850)
y_4_172: 1.000000 (54457 224.315246)
y_4_200: 1.000000 (54485 285.824510)