Solution: 56261.999874
x_0_69: 1.000000 (69 1808.500000)
x_14_29: 1.000000 (2185 300.000000)
x_15_14: 1.000000 (2324 1397.000000)
x_16_37: 1.000000 (2501 1100.000000)
x_29_30: 1.000000 (4496 212.000000)
x_30_31: 1.000000 (4651 110.000000)
x_31_153: 1.000000 (4927 4309.500000)
x_32_15: 1.000000 (4943 307.000000)
x_33_32: 1.000000 (5114 330.000000)
x_34_16: 1.000000 (5252 300.000000)
x_35_36: 1.000000 (5426 110.000000)
x_36_34: 1.000000 (5578 212.000000)
x_37_33: 1.000000 (5731 370.000000)
x_42_58: 1.000000 (6526 151.000000)
x_48_35: 1.000000 (7427 6070.000000)
x_49_48: 1.000000 (7594 151.000000)
x_50_49: 1.000000 (7749 128.000000)
x_51_73: 1.000000 (7927 150.000000)
x_58_59: 1.000000 (8991 128.000000)
x_59_63: 1.000000 (9149 171.000000)
x_60_86: 1.000000 (9326 1000.000000)
x_61_60: 1.000000 (9454 150.000000)
x_62_61: 1.000000 (9609 250.000000)
x_63_62: 1.000000 (9764 150.000000)
x_64_42: 1.000000 (9898 369.000000)
x_69_80: 1.000000 (10706 1400.000000)
x_73_75: 1.000000 (11317 250.000000)
x_74_76: 1.000000 (11472 81.000000)
x_75_74: 1.000000 (11624 150.000000)
x_76_50: 1.000000 (11754 96.000000)
x_78_51: 1.000000 (12063 1350.000000)
x_80_114: 1.000000 (12434 750.000000)
x_83_64: 1.000000 (12846 631.000000)
x_86_106: 1.000000 (13350 476.000000)
x_87_83: 1.000000 (13481 1093.000000)
x_91_78: 1.000000 (14092 803.000000)
x_93_94: 1.000000 (14416 110.000000)
x_94_95: 1.000000 (14571 212.000000)
x_95_116: 1.000000 (14746 850.000000)
x_96_91: 1.000000 (14875 307.000000)
x_100_101: 1.000000 (15501 1132.000000)
x_101_102: 1.000000 (15656 110.000000)
x_102_103: 1.000000 (15811 212.000000)
x_103_112: 1.000000 (15974 850.000000)
x_104_87: 1.000000 (16103 307.000000)
x_105_107: 1.000000 (16277 286.000000)
x_106_105: 1.000000 (16429 110.000000)
x_107_117: 1.000000 (16595 5805.000000)
x_111_104: 1.000000 (17198 330.000000)
x_112_111: 1.000000 (17359 370.000000)
x_113_100: 1.000000 (17502 330.000000)
x_114_113: 1.000000 (17669 370.000000)
x_115_96: 1.000000 (17806 330.000000)
x_116_115: 1.000000 (17979 370.000000)
x_117_140: 1.000000 (18158 357.000000)
x_118_119: 1.000000 (18291 1845.000000)
x_119_136: 1.000000 (18462 357.000000)
x_120_121: 1.000000 (18601 1845.000000)
x_121_132: 1.000000 (18766 357.000000)
x_122_123: 1.000000 (18911 1845.000000)
x_123_128: 1.000000 (19070 357.000000)
x_124_93: 1.000000 (19189 6070.000000)
x_125_124: 1.000000 (19374 151.000000)
x_126_125: 1.000000 (19529 128.000000)
x_127_151: 1.000000 (19709 250.000000)
x_128_127: 1.000000 (19839 150.000000)
x_129_122: 1.000000 (19988 151.000000)
x_130_129: 1.000000 (20149 128.000000)
x_131_147: 1.000000 (20321 250.000000)
x_132_131: 1.000000 (20459 150.000000)
x_133_120: 1.000000 (20602 151.000000)
x_134_133: 1.000000 (20769 128.000000)
x_135_144: 1.000000 (20934 250.000000)
x_136_135: 1.000000 (21079 150.000000)
x_137_118: 1.000000 (21216 151.000000)
x_138_137: 1.000000 (21389 128.000000)
x_139_141: 1.000000 (21547 250.000000)
x_140_139: 1.000000 (21699 150.000000)
x_141_142: 1.000000 (21856 150.000000)
x_142_143: 1.000000 (22011 81.000000)
x_143_138: 1.000000 (22160 96.000000)
x_144_145: 1.000000 (22321 150.000000)
x_145_146: 1.000000 (22476 81.000000)
x_146_134: 1.000000 (22618 96.000000)
x_147_148: 1.000000 (22786 150.000000)
x_148_149: 1.000000 (22941 81.000000)
x_149_130: 1.000000 (23076 96.000000)
x_150_152: 1.000000 (23252 81.000000)
x_151_150: 1.000000 (23404 150.000000)
x_152_126: 1.000000 (23534 96.000000)
y_0_1: 1.000000 (23717 11130.147753)
y_0_5: 1.000000 (23721 10509.851997)
y_0_26: 1.000000 (23742 9793.094148)
y_0_39: 1.000000 (23755 10551.629685)
y_0_41: 1.000000 (23757 11157.385222)
y_0_43: 1.000000 (23759 6387.992251)
y_0_55: 1.000000 (23771 5370.600060)
y_0_56: 1.000000 (23772 5536.193006)
y_0_68: 1.000000 (23784 5648.604518)
y_0_71: 1.000000 (23787 3675.634503)
y_0_77: 1.000000 (23793 7480.320113)
y_0_81: 1.000000 (23797 6521.655388)
y_0_84: 1.000000 (23800 12768.460714)
y_0_97: 1.000000 (23813 5845.245333)
y_1_3: 1.000000 (23873 9547.700718)
y_1_8: 1.000000 (23878 15197.321771)
y_1_10: 1.000000 (23880 13953.594125)
y_1_18: 1.000000 (23888 14962.675195)
y_1_20: 1.000000 (23890 13125.634956)
y_1_25: 1.000000 (23895 9924.108877)
y_1_67: 1.000000 (23937 5772.234316)
y_1_82: 1.000000 (23952 8261.669868)
y_1_88: 1.000000 (23958 7651.103777)
y_1_109: 1.000000 (23979 13948.714959)
y_2_6: 1.000000 (24030 11669.626772)
y_2_11: 1.000000 (24035 11965.648541)
y_2_23: 1.000000 (24047 11048.314306)
y_2_24: 1.000000 (24048 10098.895435)
y_2_28: 1.000000 (24052 8501.108692)
y_2_38: 1.000000 (24062 8250.362962)
y_2_46: 1.000000 (24070 3103.684423)
y_2_52: 1.000000 (24076 3321.768354)
y_2_57: 1.000000 (24081 6387.823495)
y_2_66: 1.000000 (24090 6008.651180)
y_2_70: 1.000000 (24094 3638.061159)
y_2_85: 1.000000 (24109 13983.481147)
y_2_108: 1.000000 (24132 14146.882660)
y_3_7: 1.000000 (24185 13482.410356)
y_3_13: 1.000000 (24191 9439.086026)
y_3_17: 1.000000 (24195 15428.197853)
y_3_21: 1.000000 (24199 13287.540668)
y_3_44: 1.000000 (24222 5179.773837)
y_3_45: 1.000000 (24223 3024.176747)
y_3_47: 1.000000 (24225 5431.836246)
y_3_53: 1.000000 (24231 3508.537160)
y_3_65: 1.000000 (24243 6275.546908)
y_3_90: 1.000000 (24268 5293.485525)
y_3_92: 1.000000 (24270 7037.228787)
y_3_98: 1.000000 (24276 5789.001382)
y_3_99: 1.000000 (24277 5838.175143)
y_3_110: 1.000000 (24288 13422.752661)
y_4_2: 1.000000 (24334 10133.281255)
y_4_4: 1.000000 (24336 9665.494762)
y_4_9: 1.000000 (24341 15788.513071)
y_4_12: 1.000000 (24344 10590.769047)
y_4_19: 1.000000 (24351 13565.253002)
y_4_22: 1.000000 (24354 11512.640401)
y_4_27: 1.000000 (24359 8892.271307)
y_4_40: 1.000000 (24372 14374.466564)
y_4_54: 1.000000 (24386 3437.424763)
y_4_72: 1.000000 (24404 3691.657216)
y_4_79: 1.000000 (24411 4820.123339)
y_4_89: 1.000000 (24421 5946.170616)