Solution: 1726.000000
x_0_10: 1.000000 (10 32.000000)
x_2_115: 1.000000 (359 14.000000)
x_3_80: 1.000000 (446 16.000000)
x_4_119: 1.000000 (607 20.000000)
x_5_27: 1.000000 (637 13.000000)
x_7_56: 1.000000 (910 19.000000)
x_8_54: 1.000000 (1030 18.000000)
x_9_82: 1.000000 (1180 20.000000)
x_10_99: 1.000000 (1319 27.000000)
x_11_51: 1.000000 (1393 22.000000)
x_13_20: 1.000000 (1606 66.000000)
x_14_86: 1.000000 (1794 15.000000)
x_15_59: 1.000000 (1889 10.000000)
x_16_105: 1.000000 (2057 23.000000)
x_17_49: 1.000000 (2123 11.000000)
x_18_107: 1.000000 (2303 18.000000)
x_19_117: 1.000000 (2435 10.000000)
x_20_46: 1.000000 (2486 14.000000)
x_21_93: 1.000000 (2655 17.000000)
x_22_85: 1.000000 (2769 14.000000)
x_23_9: 1.000000 (2815 14.000000)
x_25_19: 1.000000 (3069 17.000000)
x_26_4: 1.000000 (3176 14.000000)
x_27_53: 1.000000 (3347 14.000000)
x_28_92: 1.000000 (3508 8.000000)
x_29_61: 1.000000 (3599 11.000000)
x_30_15: 1.000000 (3675 17.000000)
x_31_66: 1.000000 (3848 10.000000)
x_32_30: 1.000000 (3934 7.000000)
x_33_52: 1.000000 (4078 22.000000)
x_34_116: 1.000000 (4264 9.000000)
x_37_67: 1.000000 (4581 7.000000)
x_38_7: 1.000000 (4643 11.000000)
x_40_34: 1.000000 (4914 17.000000)
x_41_50: 1.000000 (5052 23.000000)
x_42_17: 1.000000 (5141 11.000000)
x_43_69: 1.000000 (5315 18.000000)
x_44_75: 1.000000 (5443 15.000000)
x_45_28: 1.000000 (5518 9.000000)
x_46_44: 1.000000 (5656 17.000000)
x_47_71: 1.000000 (5805 7.000000)
x_48_110: 1.000000 (5966 11.000000)
x_49_118: 1.000000 (6096 10.000000)
x_50_98: 1.000000 (6198 5.000000)
x_51_23: 1.000000 (6245 24.000000)
x_52_25: 1.000000 (6369 24.000000)
x_53_64: 1.000000 (6530 22.000000)
x_54_90: 1.000000 (6678 8.000000)
x_55_47: 1.000000 (6757 17.000000)
x_56_41: 1.000000 (6873 13.000000)
x_57_73: 1.000000 (7027 11.000000)
x_58_79: 1.000000 (7155 11.000000)
x_59_76: 1.000000 (7274 25.000000)
x_61_16: 1.000000 (7458 8.000000)
x_62_37: 1.000000 (7601 8.000000)
x_63_5: 1.000000 (7691 14.000000)
x_64_109: 1.000000 (7917 19.000000)
x_65_68: 1.000000 (7998 22.000000)
x_66_81: 1.000000 (8133 30.000000)
x_67_83: 1.000000 (8257 17.000000)
x_68_91: 1.000000 (8387 27.000000)
x_69_113: 1.000000 (8531 12.000000)
x_70_8: 1.000000 (8548 10.000000)
x_71_26: 1.000000 (8688 16.000000)
x_72_40: 1.000000 (8824 8.000000)
x_73_63: 1.000000 (8969 16.000000)
x_75_87: 1.000000 (9237 21.000000)
x_76_29: 1.000000 (9301 9.000000)
x_78_45: 1.000000 (9561 12.000000)
x_79_100: 1.000000 (9738 22.000000)
x_80_101: 1.000000 (9861 15.000000)
x_81_94: 1.000000 (9976 8.000000)
x_82_3: 1.000000 (10007 15.000000)
x_83_57: 1.000000 (10183 14.000000)
x_85_18: 1.000000 (10388 13.000000)
x_86_22: 1.000000 (10514 19.000000)
x_87_14: 1.000000 (10628 17.000000)
x_89_55: 1.000000 (10913 11.000000)
x_90_96: 1.000000 (11076 7.000000)
x_91_58: 1.000000 (11160 27.000000)
x_92_120: 1.000000 (11344 10.000000)
x_93_2: 1.000000 (11348 18.000000)
x_94_78: 1.000000 (11546 14.000000)
x_96_121: 1.000000 (11833 82.000000)
x_98_42: 1.000000 (11998 12.000000)
x_99_62: 1.000000 (12140 12.000000)
x_100_33: 1.000000 (12233 17.000000)
x_101_102: 1.000000 (12424 11.000000)
x_102_48: 1.000000 (12492 11.000000)
x_103_38: 1.000000 (12604 30.000000)
x_105_72: 1.000000 (12882 18.000000)
x_107_108: 1.000000 (13162 21.000000)
x_108_43: 1.000000 (13219 12.000000)
x_109_21: 1.000000 (13319 12.000000)
x_110_112: 1.000000 (13532 11.000000)
x_112_89: 1.000000 (13753 16.000000)
x_113_65: 1.000000 (13851 13.000000)
x_115_11: 1.000000 (14041 23.000000)
x_116_70: 1.000000 (14222 6.000000)
x_117_31: 1.000000 (14305 22.000000)
x_118_13: 1.000000 (14409 57.000000)
x_119_103: 1.000000 (14621 15.000000)
x_120_32: 1.000000 (14672 8.000000)
y_0_1: 1.000000 (14885 224.000000)
y_0_6: 1.000000 (14890 121.753850)
y_0_12: 1.000000 (14896 286.698448)
y_0_24: 1.000000 (14908 184.390889)
y_0_35: 1.000000 (14919 77.175126)
y_0_36: 1.000000 (14920 112.800709)
y_0_39: 1.000000 (14923 202.009901)
y_0_60: 1.000000 (14944 203.666394)
y_0_74: 1.000000 (14958 273.853976)
y_0_77: 1.000000 (14961 229.512527)
y_0_84: 1.000000 (14968 98.994949)
y_0_88: 1.000000 (14972 312.934498)
y_0_95: 1.000000 (14979 250.055994)
y_0_97: 1.000000 (14981 285.797131)
y_0_104: 1.000000 (14988 104.785495)
y_0_106: 1.000000 (14990 131.575074)
y_0_111: 1.000000 (14995 154.828938)
y_0_114: 1.000000 (14998 171.230838)
