Solution: 59772.000000
x_0_69: 1.000000 (69 1808.500000)
x_14_29: 1.000000 (2185 300.000000)
x_15_14: 1.000000 (2324 1397.000000)
x_16_37: 1.000000 (2501 1100.000000)
x_29_30: 1.000000 (4496 212.000000)
x_30_31: 1.000000 (4651 110.000000)
x_31_153: 1.000000 (4927 4309.500000)
x_32_15: 1.000000 (4943 307.000000)
x_33_32: 1.000000 (5114 330.000000)
x_34_16: 1.000000 (5252 300.000000)
x_35_36: 1.000000 (5426 110.000000)
x_36_34: 1.000000 (5578 212.000000)
x_37_33: 1.000000 (5731 370.000000)
x_41_60: 1.000000 (6374 357.000000)
x_42_41: 1.000000 (6509 713.000000)
x_48_35: 1.000000 (7427 6070.000000)
x_49_48: 1.000000 (7594 151.000000)
x_50_49: 1.000000 (7749 128.000000)
x_51_73: 1.000000 (7927 150.000000)
x_54_80: 1.000000 (8396 1350.000000)
x_58_42: 1.000000 (8974 151.000000)
x_59_58: 1.000000 (9144 128.000000)
x_60_61: 1.000000 (9301 150.000000)
x_61_62: 1.000000 (9456 250.000000)
x_62_105: 1.000000 (9653 1182.000000)
x_63_64: 1.000000 (9766 81.000000)
x_64_59: 1.000000 (9915 96.000000)
x_69_54: 1.000000 (10680 150.000000)
x_73_75: 1.000000 (11317 250.000000)
x_74_76: 1.000000 (11472 81.000000)
x_75_74: 1.000000 (11624 150.000000)
x_76_50: 1.000000 (11754 96.000000)
x_80_114: 1.000000 (12434 750.000000)
x_83_63: 1.000000 (12845 600.000000)
x_84_85: 1.000000 (13021 803.000000)
x_85_108: 1.000000 (13198 307.000000)
x_86_84: 1.000000 (13328 850.000000)
x_87_83: 1.000000 (13481 1093.000000)
x_91_92: 1.000000 (14106 1157.000000)
x_92_51: 1.000000 (14219 1000.000000)
x_93_94: 1.000000 (14416 110.000000)
x_94_95: 1.000000 (14571 212.000000)
x_95_116: 1.000000 (14746 850.000000)
x_96_91: 1.000000 (14875 307.000000)
x_100_101: 1.000000 (15501 1132.000000)
x_101_102: 1.000000 (15656 110.000000)
x_102_103: 1.000000 (15811 212.000000)
x_103_112: 1.000000 (15974 850.000000)
x_104_87: 1.000000 (16103 307.000000)
x_105_106: 1.000000 (16276 110.000000)
x_106_107: 1.000000 (16431 212.000000)
x_107_86: 1.000000 (16564 300.000000)
x_108_109: 1.000000 (16741 330.000000)
x_109_110: 1.000000 (16896 370.000000)
x_110_117: 1.000000 (17057 6093.000000)
x_111_104: 1.000000 (17198 330.000000)
x_112_111: 1.000000 (17359 370.000000)
x_113_100: 1.000000 (17502 330.000000)
x_114_113: 1.000000 (17669 370.000000)
x_115_96: 1.000000 (17806 330.000000)
x_116_115: 1.000000 (17979 370.000000)
x_117_140: 1.000000 (18158 357.000000)
x_118_119: 1.000000 (18291 1845.000000)
x_119_136: 1.000000 (18462 357.000000)
x_120_121: 1.000000 (18601 1845.000000)
x_121_132: 1.000000 (18766 357.000000)
x_122_123: 1.000000 (18911 1845.000000)
x_123_128: 1.000000 (19070 357.000000)
x_124_93: 1.000000 (19189 6070.000000)
x_125_124: 1.000000 (19374 151.000000)
x_126_125: 1.000000 (19529 128.000000)
x_127_151: 1.000000 (19709 250.000000)
x_128_127: 1.000000 (19839 150.000000)
x_129_122: 1.000000 (19988 151.000000)
x_130_129: 1.000000 (20149 128.000000)
x_131_147: 1.000000 (20321 250.000000)
x_132_131: 1.000000 (20459 150.000000)
x_133_120: 1.000000 (20602 151.000000)
x_134_133: 1.000000 (20769 128.000000)
x_135_144: 1.000000 (20934 250.000000)
x_136_135: 1.000000 (21079 150.000000)
x_137_118: 1.000000 (21216 151.000000)
x_138_137: 1.000000 (21389 128.000000)
x_139_141: 1.000000 (21547 250.000000)
x_140_139: 1.000000 (21699 150.000000)
x_141_142: 1.000000 (21856 150.000000)
x_142_143: 1.000000 (22011 81.000000)
x_143_138: 1.000000 (22160 96.000000)
x_144_145: 1.000000 (22321 150.000000)
x_145_146: 1.000000 (22476 81.000000)
x_146_134: 1.000000 (22618 96.000000)
x_147_148: 1.000000 (22786 150.000000)
x_148_149: 1.000000 (22941 81.000000)
x_149_130: 1.000000 (23076 96.000000)
x_150_152: 1.000000 (23252 81.000000)
x_151_150: 1.000000 (23404 150.000000)
x_152_126: 1.000000 (23534 96.000000)
y_0_1: 1.000000 (23717 11130.147753)
y_0_5: 1.000000 (23721 10509.851997)
y_0_7: 1.000000 (23723 13482.410356)
y_0_8: 1.000000 (23724 15197.321771)
y_0_19: 1.000000 (23735 13565.253002)
y_0_23: 1.000000 (23739 11048.314306)
y_0_27: 1.000000 (23743 8892.271307)
y_0_28: 1.000000 (23744 8501.108692)
y_0_38: 1.000000 (23754 8250.362962)
y_0_43: 1.000000 (23759 6387.992251)
y_0_67: 1.000000 (23783 5772.234316)
y_0_81: 1.000000 (23797 6521.655388)
y_1_3: 1.000000 (23873 9547.700718)
y_1_6: 1.000000 (23876 11669.626772)
y_1_12: 1.000000 (23882 10590.769047)
y_1_24: 1.000000 (23894 10098.895435)
y_1_25: 1.000000 (23895 9924.108877)
y_1_44: 1.000000 (23914 5179.773837)
y_1_45: 1.000000 (23915 3024.176747)
y_1_46: 1.000000 (23916 3103.684423)
y_1_55: 1.000000 (23925 5370.600060)
y_1_57: 1.000000 (23927 6387.823495)
y_1_66: 1.000000 (23936 6008.651180)
y_1_68: 1.000000 (23938 5648.604518)
y_1_70: 1.000000 (23940 3638.061159)
y_1_71: 1.000000 (23941 3675.634503)
y_1_72: 1.000000 (23942 3691.657216)
y_1_79: 1.000000 (23949 4820.123339)
y_1_89: 1.000000 (23959 5946.170616)
y_1_90: 1.000000 (23960 5293.485525)
y_1_97: 1.000000 (23967 5845.245333)
y_2_2: 1.000000 (24026 10133.281255)
y_2_4: 1.000000 (24028 9665.494762)
y_2_9: 1.000000 (24033 15788.513071)
y_2_11: 1.000000 (24035 11965.648541)
y_2_13: 1.000000 (24037 9439.086026)
y_2_20: 1.000000 (24044 13125.634956)
y_2_22: 1.000000 (24046 11512.640401)
y_2_47: 1.000000 (24071 5431.836246)
y_2_56: 1.000000 (24080 5536.193006)
y_2_77: 1.000000 (24101 7480.320113)
y_2_78: 1.000000 (24102 5895.624564)
y_2_88: 1.000000 (24112 7651.103777)
y_2_99: 1.000000 (24123 5838.175143)
y_3_10: 1.000000 (24188 13953.594125)
y_3_17: 1.000000 (24195 15428.197853)
y_3_18: 1.000000 (24196 14962.675195)
y_3_21: 1.000000 (24199 13287.540668)
y_3_26: 1.000000 (24204 9793.094148)
y_3_39: 1.000000 (24217 10551.629685)
y_3_40: 1.000000 (24218 14374.466564)
y_3_52: 1.000000 (24230 3321.768354)
y_3_53: 1.000000 (24231 3508.537160)
y_3_65: 1.000000 (24243 6275.546908)
y_3_82: 1.000000 (24260 8261.669868)
y_3_98: 1.000000 (24276 5789.001382)