Solution: 1642.600000
x_0_6: 1.000000 (6 61.325000)
x_6_7: 1.000000 (1393 4.910000)
x_7_12: 1.000000 (1629 13.200000)
x_12_16: 1.000000 (2788 5.800000)
x_16_17: 1.000000 (3713 4.350000)
x_17_18: 1.000000 (3945 3.290000)
x_18_19: 1.000000 (4177 5.180000)
x_19_53: 1.000000 (4442 5.600000)
x_30_31: 1.000000 (6961 9.330000)
x_31_32: 1.000000 (7193 10.940000)
x_32_39: 1.000000 (7431 15.550000)
x_33_30: 1.000000 (7653 5.640000)
x_35_33: 1.000000 (8118 12.220000)
x_37_35: 1.000000 (8582 3.550000)
x_39_40: 1.000000 (9049 6.940000)
x_40_167: 1.000000 (9407 14.640000)
x_43_44: 1.000000 (9977 30.340000)
x_44_49: 1.000000 (10213 22.400000)
x_45_43: 1.000000 (10438 31.920000)
x_47_45: 1.000000 (10902 22.450000)
x_48_47: 1.000000 (11135 4.040000)
x_49_188: 1.000000 (11507 4.760000)
x_50_48: 1.000000 (11598 8.670000)
x_53_54: 1.000000 (12297 3.910000)
x_54_58: 1.000000 (12532 1.540000)
x_58_62: 1.000000 (13460 3.600000)
x_59_83: 1.000000 (13712 6.060000)
x_60_59: 1.000000 (13919 2.350000)
x_61_60: 1.000000 (14151 1.390000)
x_62_64: 1.000000 (14386 1.330000)
x_63_61: 1.000000 (14614 2.350000)
x_64_65: 1.000000 (14849 1.000000)
x_65_66: 1.000000 (15081 1.260000)
x_66_63: 1.000000 (15309 0.530000)
x_67_69: 1.000000 (15546 3.140000)
x_68_224: 1.000000 (15932 196.750000)
x_69_68: 1.000000 (16007 0.400000)
x_74_75: 1.000000 (17169 4.980000)
x_75_76: 1.000000 (17401 3.870000)
x_76_77: 1.000000 (17633 1.930000)
x_77_78: 1.000000 (17865 5.670000)
x_78_67: 1.000000 (18085 7.170000)
x_79_88: 1.000000 (18337 1.570000)
x_80_79: 1.000000 (18559 1.220000)
x_81_87: 1.000000 (18798 3.770000)
x_82_81: 1.000000 (19023 2.100000)
x_83_82: 1.000000 (19255 2.120000)
x_86_92: 1.000000 (19958 8.880000)
x_87_80: 1.000000 (20177 4.320000)
x_88_89: 1.000000 (20417 5.420000)
x_89_86: 1.000000 (20645 3.120000)
x_92_93: 1.000000 (21345 4.740000)
x_93_94: 1.000000 (21577 6.060000)
x_94_100: 1.000000 (21814 2.900000)
x_95_37: 1.000000 (21982 4.680000)
x_96_95: 1.000000 (22271 4.870000)
x_97_96: 1.000000 (22503 3.150000)
x_98_97: 1.000000 (22735 1.230000)
x_99_98: 1.000000 (22967 2.900000)
x_100_99: 1.000000 (23199 4.300000)
x_102_103: 1.000000 (23665 1.890000)
x_103_74: 1.000000 (23867 9.830000)
x_104_105: 1.000000 (24129 2.680000)
x_105_107: 1.000000 (24362 3.490000)
x_106_112: 1.000000 (24598 3.800000)
x_107_106: 1.000000 (24823 2.850000)
x_108_109: 1.000000 (25057 3.870000)
x_109_110: 1.000000 (25289 2.230000)
x_110_124: 1.000000 (25534 2.190000)
x_111_114: 1.000000 (25755 4.740000)
x_112_102: 1.000000 (25974 6.350000)
x_113_108: 1.000000 (26211 6.340000)
x_114_117: 1.000000 (26451 5.200000)
x_116_113: 1.000000 (26909 4.630000)
x_117_120: 1.000000 (27147 7.380000)
x_119_116: 1.000000 (27605 5.580000)
x_120_121: 1.000000 (27841 4.320000)
x_121_122: 1.000000 (28073 1.270000)
x_122_119: 1.000000 (28301 3.750000)
x_124_104: 1.000000 (28748 9.930000)
x_126_111: 1.000000 (29217 3.140000)
x_127_126: 1.000000 (29463 2.480000)
x_128_127: 1.000000 (29695 4.750000)
x_131_128: 1.000000 (30389 8.510000)
x_132_131: 1.000000 (30623 2.220000)
x_134_132: 1.000000 (31086 6.300000)
x_135_134: 1.000000 (31319 1.010000)
x_136_135: 1.000000 (31551 7.320000)
x_137_136: 1.000000 (31783 2.730000)
x_138_137: 1.000000 (32015 6.360000)
x_139_138: 1.000000 (32247 8.310000)
x_140_142: 1.000000 (32482 3.270000)
x_141_140: 1.000000 (32711 4.020000)
x_142_139: 1.000000 (32941 3.700000)
x_144_141: 1.000000 (33405 4.660000)
x_145_144: 1.000000 (33639 5.580000)
x_146_145: 1.000000 (33871 1.320000)
x_147_146: 1.000000 (34103 3.800000)
x_148_147: 1.000000 (34335 2.560000)
x_149_148: 1.000000 (34567 3.920000)
x_150_149: 1.000000 (34799 9.930000)
x_156_157: 1.000000 (36193 8.330000)
x_157_158: 1.000000 (36425 6.300000)
x_158_201: 1.000000 (36699 11.050000)
x_159_156: 1.000000 (36885 6.600000)
x_160_159: 1.000000 (37119 4.960000)
x_161_160: 1.000000 (37351 1.440000)
x_162_161: 1.000000 (37583 5.270000)
x_163_164: 1.000000 (37817 6.290000)
x_164_162: 1.000000 (38046 8.860000)
x_165_173: 1.000000 (38288 3.160000)
x_167_169: 1.000000 (38746 6.270000)
x_168_177: 1.000000 (38985 5.200000)
x_169_170: 1.000000 (39209 3.300000)
x_170_168: 1.000000 (39438 6.940000)
x_172_163: 1.000000 (39895 1.820000)
x_173_176: 1.000000 (40139 7.190000)
x_174_172: 1.000000 (40366 8.310000)
x_175_174: 1.000000 (40599 5.970000)
x_176_175: 1.000000 (40831 3.700000)
x_177_179: 1.000000 (41066 4.160000)
x_178_182: 1.000000 (41300 3.630000)
x_179_181: 1.000000 (41530 5.950000)
x_180_178: 1.000000 (41758 6.090000)
x_181_180: 1.000000 (41991 1.340000)
x_182_183: 1.000000 (42225 4.870000)
x_183_185: 1.000000 (42458 4.650000)
x_184_50: 1.000000 (42554 7.500000)
x_185_186: 1.000000 (42921 2.810000)
x_186_184: 1.000000 (43150 8.290000)
x_187_197: 1.000000 (43394 3.100000)
x_188_189: 1.000000 (43617 4.740000)
x_189_190: 1.000000 (43849 1.740000)
x_190_191: 1.000000 (44081 3.800000)
x_191_193: 1.000000 (44314 3.990000)
x_192_194: 1.000000 (44546 1.200000)
x_193_192: 1.000000 (44775 1.400000)
x_194_195: 1.000000 (45009 0.750000)
x_195_196: 1.000000 (45241 3.190000)
x_196_187: 1.000000 (45463 4.060000)
x_197_198: 1.000000 (45705 1.900000)
x_198_199: 1.000000 (45937 8.160000)
x_199_165: 1.000000 (46134 7.200000)
x_200_223: 1.000000 (46423 22.690000)
x_201_200: 1.000000 (46631 19.650000)
x_202_203: 1.000000 (46865 10.200000)
x_203_211: 1.000000 (47104 10.480000)
x_204_150: 1.000000 (47274 9.330000)
x_205_212: 1.000000 (47567 26.170000)
x_206_205: 1.000000 (47791 25.840000)
x_207_206: 1.000000 (48023 9.170000)
x_208_207: 1.000000 (48255 7.650000)
x_209_210: 1.000000 (48489 8.130000)
x_210_220: 1.000000 (48730 18.370000)
x_211_209: 1.000000 (48950 19.010000)
x_212_204: 1.000000 (49176 14.170000)
x_213_208: 1.000000 (49411 26.100000)
x_214_213: 1.000000 (49647 4.280000)
x_215_214: 1.000000 (49879 4.230000)
x_216_215: 1.000000 (50111 4.670000)
x_217_227: 1.000000 (50354 29.540000)
x_218_217: 1.000000 (50575 11.620000)
x_219_216: 1.000000 (50805 22.230000)
x_220_219: 1.000000 (51039 16.060000)
x_221_202: 1.000000 (51253 12.590000)
x_222_221: 1.000000 (51503 15.920000)
x_223_222: 1.000000 (51735 12.990000)
x_224_225: 1.000000 (51969 19.990000)
x_225_218: 1.000000 (52193 28.900000)
x_226_228: 1.000000 (52434 24.530000)
x_227_226: 1.000000 (52663 18.210000)
x_228_229: 1.000000 (52897 22.870000)
x_229_230: 1.000000 (53129 149.695000)
y_0_1: 1.000000 (53362 129.780319)
y_0_2: 1.000000 (53363 130.509770)
y_0_3: 1.000000 (53364 111.235720)
y_0_4: 1.000000 (53365 105.288771)
y_0_5: 1.000000 (53366 100.135866)
y_0_8: 1.000000 (53369 98.045716)
y_0_9: 1.000000 (53370 87.672227)
y_0_10: 1.000000 (53371 95.966065)
y_0_11: 1.000000 (53372 89.886133)
y_0_13: 1.000000 (53374 122.776852)
y_0_14: 1.000000 (53375 128.988485)
y_0_15: 1.000000 (53376 127.416075)
y_0_20: 1.000000 (53381 103.519873)
y_0_21: 1.000000 (53382 112.455666)
y_0_22: 1.000000 (53383 115.590538)
y_0_23: 1.000000 (53384 104.271256)
y_0_24: 1.000000 (53385 102.478742)
y_0_25: 1.000000 (53386 111.439941)
y_0_26: 1.000000 (53387 142.972275)
y_0_27: 1.000000 (53388 147.678853)
y_0_28: 1.000000 (53389 166.353180)
y_0_29: 1.000000 (53390 207.572201)
y_0_34: 1.000000 (53395 162.555420)
y_0_36: 1.000000 (53397 141.046245)
y_0_38: 1.000000 (53399 182.867775)
y_0_41: 1.000000 (53402 237.486390)
y_0_42: 1.000000 (53403 274.910092)
y_0_46: 1.000000 (53407 262.933520)
y_0_51: 1.000000 (53412 79.516014)
y_0_52: 1.000000 (53413 73.457844)
y_0_55: 1.000000 (53416 89.874782)
y_0_56: 1.000000 (53417 96.672646)
y_0_57: 1.000000 (53418 92.715365)
y_0_70: 1.000000 (53431 85.379626)
y_0_71: 1.000000 (53432 82.179794)
y_0_72: 1.000000 (53433 87.118543)
y_0_73: 1.000000 (53434 95.159353)
y_0_84: 1.000000 (53445 103.488402)
y_0_85: 1.000000 (53446 108.175125)
y_0_90: 1.000000 (53451 107.387530)
y_0_91: 1.000000 (53452 116.868715)
y_0_101: 1.000000 (53462 137.487577)
y_0_115: 1.000000 (53476 142.508973)
y_0_118: 1.000000 (53479 147.224361)
y_0_123: 1.000000 (53484 156.247258)
y_0_125: 1.000000 (53486 178.343760)
y_0_129: 1.000000 (53490 189.296626)
y_0_130: 1.000000 (53491 194.502520)
y_0_133: 1.000000 (53494 208.699166)
y_0_143: 1.000000 (53504 198.845107)
y_0_151: 1.000000 (53512 227.566762)
y_0_152: 1.000000 (53513 218.284432)
y_0_153: 1.000000 (53514 226.438589)
y_0_154: 1.000000 (53515 232.322235)
y_0_155: 1.000000 (53516 237.767565)
y_0_166: 1.000000 (53527 182.461823)
y_0_171: 1.000000 (53532 203.393228)
