Solution: 70328.000000
x_0_69: 1.000000 (69 1808.500000)
x_8_10: 1.000000 (1242 850.000000)
x_9_8: 1.000000 (1394 803.000000)
x_10_19: 1.000000 (1559 300.000000)
x_12_24: 1.000000 (1872 300.000000)
x_14_15: 1.000000 (2171 1397.000000)
x_15_16: 1.000000 (2326 1157.000000)
x_16_36: 1.000000 (2500 476.000000)
x_17_9: 1.000000 (2627 307.000000)
x_18_17: 1.000000 (2789 330.000000)
x_19_21: 1.000000 (2947 212.000000)
x_20_22: 1.000000 (3102 1132.000000)
x_21_20: 1.000000 (3254 110.000000)
x_22_23: 1.000000 (3411 330.000000)
x_23_39: 1.000000 (3581 370.000000)
x_24_25: 1.000000 (3721 212.000000)
x_25_26: 1.000000 (3876 110.000000)
x_26_27: 1.000000 (4031 1132.000000)
x_27_28: 1.000000 (4186 330.000000)
x_28_38: 1.000000 (4350 370.000000)
x_29_14: 1.000000 (4480 300.000000)
x_30_153: 1.000000 (4773 4257.500000)
x_31_30: 1.000000 (4804 110.000000)
x_32_31: 1.000000 (4959 1132.000000)
x_33_32: 1.000000 (5114 330.000000)
x_34_37: 1.000000 (5273 850.000000)
x_35_34: 1.000000 (5424 286.000000)
x_36_35: 1.000000 (5579 110.000000)
x_37_33: 1.000000 (5731 370.000000)
x_38_29: 1.000000 (5881 850.000000)
x_39_12: 1.000000 (6018 1100.000000)
x_40_18: 1.000000 (6178 370.000000)
x_41_40: 1.000000 (6354 6093.000000)
x_42_58: 1.000000 (6526 151.000000)
x_48_49: 1.000000 (7441 151.000000)
x_49_76: 1.000000 (7622 218.000000)
x_50_48: 1.000000 (7748 279.000000)
x_54_80: 1.000000 (8396 1350.000000)
x_58_64: 1.000000 (8996 218.000000)
x_59_42: 1.000000 (9128 279.000000)
x_60_41: 1.000000 (9281 357.000000)
x_61_60: 1.000000 (9454 150.000000)
x_62_61: 1.000000 (9609 250.000000)
x_63_62: 1.000000 (9764 150.000000)
x_64_63: 1.000000 (9919 81.000000)
x_69_54: 1.000000 (10680 150.000000)
x_73_75: 1.000000 (11317 250.000000)
x_74_50: 1.000000 (11446 171.000000)
x_75_74: 1.000000 (11624 150.000000)
x_76_77: 1.000000 (11781 631.000000)
x_77_124: 1.000000 (11982 6356.000000)
x_80_90: 1.000000 (12410 850.000000)
x_82_83: 1.000000 (12711 1400.000000)
x_83_59: 1.000000 (12841 721.000000)
x_84_86: 1.000000 (13022 850.000000)
x_85_84: 1.000000 (13174 803.000000)
x_86_107: 1.000000 (13351 300.000000)
x_90_99: 1.000000 (13959 300.000000)
x_93_94: 1.000000 (14416 110.000000)
x_94_73: 1.000000 (14549 1176.000000)
x_95_93: 1.000000 (14723 286.000000)
x_96_115: 1.000000 (14899 330.000000)
x_97_96: 1.000000 (15034 1132.000000)
x_98_97: 1.000000 (15189 110.000000)
x_99_98: 1.000000 (15344 212.000000)
x_104_111: 1.000000 (16127 330.000000)
x_105_104: 1.000000 (16274 1132.000000)
x_106_105: 1.000000 (16429 110.000000)
x_107_106: 1.000000 (16584 212.000000)
x_108_85: 1.000000 (16717 307.000000)
x_109_108: 1.000000 (16894 330.000000)
x_110_109: 1.000000 (17049 370.000000)
x_111_112: 1.000000 (17206 370.000000)
x_112_82: 1.000000 (17330 750.000000)
x_115_116: 1.000000 (17826 370.000000)
x_116_95: 1.000000 (17959 850.000000)
x_117_110: 1.000000 (18128 6093.000000)
x_118_137: 1.000000 (18309 151.000000)
x_119_118: 1.000000 (18444 1845.000000)
x_120_133: 1.000000 (18613 151.000000)
x_121_120: 1.000000 (18754 1845.000000)
x_122_129: 1.000000 (18917 151.000000)
x_123_122: 1.000000 (19064 1845.000000)
x_124_125: 1.000000 (19221 151.000000)
x_125_126: 1.000000 (19376 128.000000)
x_126_152: 1.000000 (19556 96.000000)
x_127_128: 1.000000 (19686 150.000000)
x_128_123: 1.000000 (19835 357.000000)
x_129_130: 1.000000 (19996 128.000000)
x_130_149: 1.000000 (20169 96.000000)
x_131_132: 1.000000 (20306 150.000000)
x_132_121: 1.000000 (20449 357.000000)
x_133_134: 1.000000 (20616 128.000000)
x_134_146: 1.000000 (20782 96.000000)
x_135_136: 1.000000 (20926 150.000000)
x_136_119: 1.000000 (21063 357.000000)
x_137_138: 1.000000 (21236 128.000000)
x_138_143: 1.000000 (21395 96.000000)
x_139_140: 1.000000 (21546 150.000000)
x_140_117: 1.000000 (21677 357.000000)
x_141_139: 1.000000 (21853 250.000000)
x_142_141: 1.000000 (22009 150.000000)
x_143_142: 1.000000 (22164 81.000000)
x_144_135: 1.000000 (22311 250.000000)
x_145_144: 1.000000 (22474 150.000000)
x_146_145: 1.000000 (22629 81.000000)
x_147_131: 1.000000 (22769 250.000000)
x_148_147: 1.000000 (22939 150.000000)
x_149_148: 1.000000 (23094 81.000000)
x_150_151: 1.000000 (23251 150.000000)
x_151_127: 1.000000 (23381 250.000000)
x_152_150: 1.000000 (23558 81.000000)
y_0_1: 1.000000 (23717 11130.147753)
y_0_2: 1.000000 (23718 10133.281255)
y_0_3: 1.000000 (23719 9547.700718)
y_0_4: 1.000000 (23720 9665.494762)
y_0_5: 1.000000 (23721 10509.851997)
y_0_6: 1.000000 (23722 11669.626772)
y_0_7: 1.000000 (23723 13482.410356)
y_0_11: 1.000000 (23727 11965.648541)
y_0_13: 1.000000 (23729 9439.086026)
y_0_43: 1.000000 (23759 6387.992251)
y_0_44: 1.000000 (23760 5179.773837)
y_0_45: 1.000000 (23761 3024.176747)
y_0_46: 1.000000 (23762 3103.684423)
y_0_47: 1.000000 (23763 5431.836246)
y_0_51: 1.000000 (23767 5903.176179)
y_0_52: 1.000000 (23768 3321.768354)
y_0_53: 1.000000 (23769 3508.537160)
y_0_55: 1.000000 (23771 5370.600060)
y_0_56: 1.000000 (23772 5536.193006)
y_0_57: 1.000000 (23773 6387.823495)
y_0_65: 1.000000 (23781 6275.546908)
y_0_66: 1.000000 (23782 6008.651180)
y_0_67: 1.000000 (23783 5772.234316)
y_0_68: 1.000000 (23784 5648.604518)
y_0_70: 1.000000 (23786 3638.061159)
y_0_71: 1.000000 (23787 3675.634503)
y_0_72: 1.000000 (23788 3691.657216)
y_0_78: 1.000000 (23794 5895.624564)
y_0_79: 1.000000 (23795 4820.123339)
y_0_81: 1.000000 (23797 6521.655388)
y_0_87: 1.000000 (23803 9457.131965)
y_0_88: 1.000000 (23804 7651.103777)
y_0_89: 1.000000 (23805 5946.170616)
y_0_91: 1.000000 (23807 5770.315849)
y_0_92: 1.000000 (23808 7037.228787)
y_0_100: 1.000000 (23816 6416.968833)
y_0_101: 1.000000 (23817 7650.130260)
y_0_102: 1.000000 (23818 7717.728746)
y_0_103: 1.000000 (23819 8005.790967)
y_0_113: 1.000000 (23829 6553.918599)
y_0_114: 1.000000 (23830 6450.851804)